#
# There is insufficient memory for the Java Runtime Environment to continue.
# Native memory allocation (malloc) failed to allocate 156480 bytes for Chunk::new
# Possible reasons:
#   The system is out of physical RAM or swap space
#   The process is running with CompressedOops enabled, and the Java Heap may be blocking the growth of the native heap
# Possible solutions:
#   Reduce memory load on the system
#   Increase physical memory or swap space
#   Check if swap backing store is full
#   Decrease Java heap size (-Xmx/-Xms)
#   Decrease number of Java threads
#   Decrease Java thread stack sizes (-Xss)
#   Set larger code cache with -XX:ReservedCodeCacheSize=
#   JVM is running with Zero Based Compressed Oops mode in which the Java heap is
#     placed in the first 32GB address space. The Java Heap base address is the
#     maximum limit for the native heap growth. Please use -XX:HeapBaseMinAddress
#     to set the Java Heap base and to place the Java Heap above 32GB virtual address.
# This output file may be truncated or incomplete.
#
#  Out of Memory Error (arena.cpp:191), pid=18212, tid=26284
#
# JRE version: OpenJDK Runtime Environment Corretto-17.0.9.8.1 (17.0.9+8) (build 17.0.9+8-LTS)
# Java VM: OpenJDK 64-Bit Server VM Corretto-17.0.9.8.1 (17.0.9+8-LTS, mixed mode, sharing, tiered, compressed oops, compressed class ptrs, g1 gc, windows-amd64)
# No core dump will be written. Minidumps are not enabled by default on client versions of Windows
#

---------------  S U M M A R Y ------------

Command Line: -javaagent:E:\Прога\IntelliJ IDEA Community Edition 2023.2.1\lib\idea_rt.jar=51756:E:\Прога\IntelliJ IDEA Community Edition 2023.2.1\bin -Dfile.encoding=UTF-8 ru.gr106.fractal.MainKt

Host: Intel(R) Core(TM) i3-8130U CPU @ 2.20GHz, 4 cores, 11G,  Windows 10 , 64 bit Build 19041 (10.0.19041.3570)
Time: Wed Dec  6 14:33:52 2023  Windows 10 , 64 bit Build 19041 (10.0.19041.3570) elapsed time: 0.148851 seconds (0d 0h 0m 0s)

---------------  T H R E A D  ---------------

Current thread (0x000001e3284e6030):  JavaThread "C2 CompilerThread0" daemon [_thread_in_native, id=26284, stack(0x00000089fa300000,0x00000089fa400000)]


Current CompileTask:
C2:    148  148       4       java.util.HashMap::putVal (300 bytes)

Stack: [0x00000089fa300000,0x00000089fa400000]
Native frames: (J=compiled Java code, j=interpreted, Vv=VM code, C=native code)
V  [jvm.dll+0x67cb49]
V  [jvm.dll+0x8344da]
V  [jvm.dll+0x835f9e]
V  [jvm.dll+0x836603]
V  [jvm.dll+0x247b5f]
V  [jvm.dll+0xac43c]
V  [jvm.dll+0xaca8c]
V  [jvm.dll+0x366c87]
V  [jvm.dll+0x330fda]
V  [jvm.dll+0x33047a]
V  [jvm.dll+0x21a201]
V  [jvm.dll+0x219621]
V  [jvm.dll+0x1a56cd]
V  [jvm.dll+0x2293ee]
V  [jvm.dll+0x2275bc]
V  [jvm.dll+0x7e95a7]
V  [jvm.dll+0x7e396a]
V  [jvm.dll+0x67ba35]
C  [ucrtbase.dll+0x21bb2]
C  [KERNEL32.DLL+0x17344]
C  [ntdll.dll+0x526b1]


---------------  P R O C E S S  ---------------

Threads class SMR info:
_java_thread_list=0x000001e32867e350, length=11, elements={
0x000001e3084176d0, 0x000001e3284ba4e0, 0x000001e3284baf70, 0x000001e3284d0eb0,
0x000001e3284d1590, 0x000001e3284d3b70, 0x000001e3284d4140, 0x000001e3284e6030,
0x000001e3284e8970, 0x000001e328608070, 0x000001e36e005410
}

Java Threads: ( => current thread )
  0x000001e3084176d0 JavaThread "main" [_thread_in_Java, id=5500, stack(0x00000089f9600000,0x00000089f9700000)]
  0x000001e3284ba4e0 JavaThread "Reference Handler" daemon [_thread_blocked, id=9948, stack(0x00000089f9d00000,0x00000089f9e00000)]
  0x000001e3284baf70 JavaThread "Finalizer" daemon [_thread_blocked, id=16444, stack(0x00000089f9e00000,0x00000089f9f00000)]
  0x000001e3284d0eb0 JavaThread "Signal Dispatcher" daemon [_thread_blocked, id=21392, stack(0x00000089f9f00000,0x00000089fa000000)]
  0x000001e3284d1590 JavaThread "Attach Listener" daemon [_thread_blocked, id=21660, stack(0x00000089fa000000,0x00000089fa100000)]
  0x000001e3284d3b70 JavaThread "Service Thread" daemon [_thread_blocked, id=12180, stack(0x00000089fa100000,0x00000089fa200000)]
  0x000001e3284d4140 JavaThread "Monitor Deflation Thread" daemon [_thread_blocked, id=29416, stack(0x00000089fa200000,0x00000089fa300000)]
=>0x000001e3284e6030 JavaThread "C2 CompilerThread0" daemon [_thread_in_native, id=26284, stack(0x00000089fa300000,0x00000089fa400000)]
  0x000001e3284e8970 JavaThread "C1 CompilerThread0" daemon [_thread_in_native, id=13456, stack(0x00000089fa400000,0x00000089fa500000)]
  0x000001e328608070 JavaThread "Sweeper thread" daemon [_thread_blocked, id=6156, stack(0x00000089fa500000,0x00000089fa600000)]
  0x000001e36e005410 JavaThread "Common-Cleaner" daemon [_thread_blocked, id=27520, stack(0x00000089fa600000,0x00000089fa700000)]

Other Threads:
  0x000001e3284b5010 VMThread "VM Thread" [stack: 0x00000089f9c00000,0x00000089f9d00000] [id=20736]
  0x000001e30846dde0 GCTaskThread "GC Thread#0" [stack: 0x00000089f9700000,0x00000089f9800000] [id=31928]
  0x000001e30847aab0 ConcurrentGCThread "G1 Main Marker" [stack: 0x00000089f9800000,0x00000089f9900000] [id=23308]
  0x000001e30847bc70 ConcurrentGCThread "G1 Conc#0" [stack: 0x00000089f9900000,0x00000089f9a00000] [id=23052]
  0x000001e3084dc200 ConcurrentGCThread "G1 Refine#0" [stack: 0x00000089f9a00000,0x00000089f9b00000] [id=16780]
  0x000001e3084dec50 ConcurrentGCThread "G1 Service" [stack: 0x00000089f9b00000,0x00000089f9c00000] [id=6556]

Threads with active compile tasks:
C2 CompilerThread0      182  148       4       java.util.HashMap::putVal (300 bytes)

VM state: not at safepoint (normal execution)

VM Mutex/Monitor currently owned by a thread: None

Heap address: 0x0000000742800000, size: 3032 MB, Compressed Oops mode: Zero based, Oop shift amount: 3

CDS archive(s) mapped at: [0x000001e329000000-0x000001e329ba0000-0x000001e329ba0000), size 12189696, SharedBaseAddress: 0x000001e329000000, ArchiveRelocationMode: 1.
Compressed class space mapped at: 0x000001e32a000000-0x000001e36a000000, reserved size: 1073741824
Narrow klass base: 0x000001e329000000, Narrow klass shift: 0, Narrow klass range: 0x100000000

GC Precious Log:
 CPUs: 4 total, 4 available
 Memory: 12122M
 Large Page Support: Disabled
 NUMA Support: Disabled
 Compressed Oops: Enabled (Zero based)
 Heap Region Size: 2M
 Heap Min Capacity: 8M
 Heap Initial Capacity: 190M
 Heap Max Capacity: 3032M
 Pre-touch: Disabled
 Parallel Workers: 4
 Concurrent Workers: 1
 Concurrent Refinement Workers: 4
 Periodic GC: Disabled

Heap:
 garbage-first heap   total 194560K, used 0K [0x0000000742800000, 0x0000000800000000)
  region size 2048K, 1 young (2048K), 0 survivors (0K)
 Metaspace       used 334K, committed 512K, reserved 1114112K
  class space    used 17K, committed 128K, reserved 1048576K

Heap Regions: E=young(eden), S=young(survivor), O=old, HS=humongous(starts), HC=humongous(continues), CS=collection set, F=free, OA=open archive, CA=closed archive, TAMS=top-at-mark-start (previous, next)
|   0|0x0000000742800000, 0x0000000742800000, 0x0000000742a00000|  0%| F|  |TAMS 0x0000000742800000, 0x0000000742800000| Untracked 
|   1|0x0000000742a00000, 0x0000000742a00000, 0x0000000742c00000|  0%| F|  |TAMS 0x0000000742a00000, 0x0000000742a00000| Untracked 
|   2|0x0000000742c00000, 0x0000000742c00000, 0x0000000742e00000|  0%| F|  |TAMS 0x0000000742c00000, 0x0000000742c00000| Untracked 
|   3|0x0000000742e00000, 0x0000000742e00000, 0x0000000743000000|  0%| F|  |TAMS 0x0000000742e00000, 0x0000000742e00000| Untracked 
|   4|0x0000000743000000, 0x0000000743000000, 0x0000000743200000|  0%| F|  |TAMS 0x0000000743000000, 0x0000000743000000| Untracked 
|   5|0x0000000743200000, 0x0000000743200000, 0x0000000743400000|  0%| F|  |TAMS 0x0000000743200000, 0x0000000743200000| Untracked 
|   6|0x0000000743400000, 0x0000000743400000, 0x0000000743600000|  0%| F|  |TAMS 0x0000000743400000, 0x0000000743400000| Untracked 
|   7|0x0000000743600000, 0x0000000743600000, 0x0000000743800000|  0%| F|  |TAMS 0x0000000743600000, 0x0000000743600000| Untracked 
|   8|0x0000000743800000, 0x0000000743800000, 0x0000000743a00000|  0%| F|  |TAMS 0x0000000743800000, 0x0000000743800000| Untracked 
|   9|0x0000000743a00000, 0x0000000743a00000, 0x0000000743c00000|  0%| F|  |TAMS 0x0000000743a00000, 0x0000000743a00000| Untracked 
|  10|0x0000000743c00000, 0x0000000743c00000, 0x0000000743e00000|  0%| F|  |TAMS 0x0000000743c00000, 0x0000000743c00000| Untracked 
|  11|0x0000000743e00000, 0x0000000743e00000, 0x0000000744000000|  0%| F|  |TAMS 0x0000000743e00000, 0x0000000743e00000| Untracked 
|  12|0x0000000744000000, 0x0000000744000000, 0x0000000744200000|  0%| F|  |TAMS 0x0000000744000000, 0x0000000744000000| Untracked 
|  13|0x0000000744200000, 0x0000000744200000, 0x0000000744400000|  0%| F|  |TAMS 0x0000000744200000, 0x0000000744200000| Untracked 
|  14|0x0000000744400000, 0x0000000744400000, 0x0000000744600000|  0%| F|  |TAMS 0x0000000744400000, 0x0000000744400000| Untracked 
|  15|0x0000000744600000, 0x0000000744600000, 0x0000000744800000|  0%| F|  |TAMS 0x0000000744600000, 0x0000000744600000| Untracked 
|  16|0x0000000744800000, 0x0000000744800000, 0x0000000744a00000|  0%| F|  |TAMS 0x0000000744800000, 0x0000000744800000| Untracked 
|  17|0x0000000744a00000, 0x0000000744a00000, 0x0000000744c00000|  0%| F|  |TAMS 0x0000000744a00000, 0x0000000744a00000| Untracked 
|  18|0x0000000744c00000, 0x0000000744c00000, 0x0000000744e00000|  0%| F|  |TAMS 0x0000000744c00000, 0x0000000744c00000| Untracked 
|  19|0x0000000744e00000, 0x0000000744e00000, 0x0000000745000000|  0%| F|  |TAMS 0x0000000744e00000, 0x0000000744e00000| Untracked 
|  20|0x0000000745000000, 0x0000000745000000, 0x0000000745200000|  0%| F|  |TAMS 0x0000000745000000, 0x0000000745000000| Untracked 
|  21|0x0000000745200000, 0x0000000745200000, 0x0000000745400000|  0%| F|  |TAMS 0x0000000745200000, 0x0000000745200000| Untracked 
|  22|0x0000000745400000, 0x0000000745400000, 0x0000000745600000|  0%| F|  |TAMS 0x0000000745400000, 0x0000000745400000| Untracked 
|  23|0x0000000745600000, 0x0000000745600000, 0x0000000745800000|  0%| F|  |TAMS 0x0000000745600000, 0x0000000745600000| Untracked 
|  24|0x0000000745800000, 0x0000000745800000, 0x0000000745a00000|  0%| F|  |TAMS 0x0000000745800000, 0x0000000745800000| Untracked 
|  25|0x0000000745a00000, 0x0000000745a00000, 0x0000000745c00000|  0%| F|  |TAMS 0x0000000745a00000, 0x0000000745a00000| Untracked 
|  26|0x0000000745c00000, 0x0000000745c00000, 0x0000000745e00000|  0%| F|  |TAMS 0x0000000745c00000, 0x0000000745c00000| Untracked 
|  27|0x0000000745e00000, 0x0000000745e00000, 0x0000000746000000|  0%| F|  |TAMS 0x0000000745e00000, 0x0000000745e00000| Untracked 
|  28|0x0000000746000000, 0x0000000746000000, 0x0000000746200000|  0%| F|  |TAMS 0x0000000746000000, 0x0000000746000000| Untracked 
|  29|0x0000000746200000, 0x0000000746200000, 0x0000000746400000|  0%| F|  |TAMS 0x0000000746200000, 0x0000000746200000| Untracked 
|  30|0x0000000746400000, 0x0000000746400000, 0x0000000746600000|  0%| F|  |TAMS 0x0000000746400000, 0x0000000746400000| Untracked 
|  31|0x0000000746600000, 0x0000000746600000, 0x0000000746800000|  0%| F|  |TAMS 0x0000000746600000, 0x0000000746600000| Untracked 
|  32|0x0000000746800000, 0x0000000746800000, 0x0000000746a00000|  0%| F|  |TAMS 0x0000000746800000, 0x0000000746800000| Untracked 
|  33|0x0000000746a00000, 0x0000000746a00000, 0x0000000746c00000|  0%| F|  |TAMS 0x0000000746a00000, 0x0000000746a00000| Untracked 
|  34|0x0000000746c00000, 0x0000000746c00000, 0x0000000746e00000|  0%| F|  |TAMS 0x0000000746c00000, 0x0000000746c00000| Untracked 
|  35|0x0000000746e00000, 0x0000000746e00000, 0x0000000747000000|  0%| F|  |TAMS 0x0000000746e00000, 0x0000000746e00000| Untracked 
|  36|0x0000000747000000, 0x0000000747000000, 0x0000000747200000|  0%| F|  |TAMS 0x0000000747000000, 0x0000000747000000| Untracked 
|  37|0x0000000747200000, 0x0000000747200000, 0x0000000747400000|  0%| F|  |TAMS 0x0000000747200000, 0x0000000747200000| Untracked 
|  38|0x0000000747400000, 0x0000000747400000, 0x0000000747600000|  0%| F|  |TAMS 0x0000000747400000, 0x0000000747400000| Untracked 
|  39|0x0000000747600000, 0x0000000747600000, 0x0000000747800000|  0%| F|  |TAMS 0x0000000747600000, 0x0000000747600000| Untracked 
|  40|0x0000000747800000, 0x0000000747800000, 0x0000000747a00000|  0%| F|  |TAMS 0x0000000747800000, 0x0000000747800000| Untracked 
|  41|0x0000000747a00000, 0x0000000747a00000, 0x0000000747c00000|  0%| F|  |TAMS 0x0000000747a00000, 0x0000000747a00000| Untracked 
|  42|0x0000000747c00000, 0x0000000747c00000, 0x0000000747e00000|  0%| F|  |TAMS 0x0000000747c00000, 0x0000000747c00000| Untracked 
|  43|0x0000000747e00000, 0x0000000747e00000, 0x0000000748000000|  0%| F|  |TAMS 0x0000000747e00000, 0x0000000747e00000| Untracked 
|  44|0x0000000748000000, 0x0000000748000000, 0x0000000748200000|  0%| F|  |TAMS 0x0000000748000000, 0x0000000748000000| Untracked 
|  45|0x0000000748200000, 0x0000000748200000, 0x0000000748400000|  0%| F|  |TAMS 0x0000000748200000, 0x0000000748200000| Untracked 
|  46|0x0000000748400000, 0x0000000748400000, 0x0000000748600000|  0%| F|  |TAMS 0x0000000748400000, 0x0000000748400000| Untracked 
|  47|0x0000000748600000, 0x0000000748600000, 0x0000000748800000|  0%| F|  |TAMS 0x0000000748600000, 0x0000000748600000| Untracked 
|  48|0x0000000748800000, 0x0000000748800000, 0x0000000748a00000|  0%| F|  |TAMS 0x0000000748800000, 0x0000000748800000| Untracked 
|  49|0x0000000748a00000, 0x0000000748a00000, 0x0000000748c00000|  0%| F|  |TAMS 0x0000000748a00000, 0x0000000748a00000| Untracked 
|  50|0x0000000748c00000, 0x0000000748c00000, 0x0000000748e00000|  0%| F|  |TAMS 0x0000000748c00000, 0x0000000748c00000| Untracked 
|  51|0x0000000748e00000, 0x0000000748e00000, 0x0000000749000000|  0%| F|  |TAMS 0x0000000748e00000, 0x0000000748e00000| Untracked 
|  52|0x0000000749000000, 0x0000000749000000, 0x0000000749200000|  0%| F|  |TAMS 0x0000000749000000, 0x0000000749000000| Untracked 
|  53|0x0000000749200000, 0x0000000749200000, 0x0000000749400000|  0%| F|  |TAMS 0x0000000749200000, 0x0000000749200000| Untracked 
|  54|0x0000000749400000, 0x0000000749400000, 0x0000000749600000|  0%| F|  |TAMS 0x0000000749400000, 0x0000000749400000| Untracked 
|  55|0x0000000749600000, 0x0000000749600000, 0x0000000749800000|  0%| F|  |TAMS 0x0000000749600000, 0x0000000749600000| Untracked 
|  56|0x0000000749800000, 0x0000000749800000, 0x0000000749a00000|  0%| F|  |TAMS 0x0000000749800000, 0x0000000749800000| Untracked 
|  57|0x0000000749a00000, 0x0000000749a00000, 0x0000000749c00000|  0%| F|  |TAMS 0x0000000749a00000, 0x0000000749a00000| Untracked 
|  58|0x0000000749c00000, 0x0000000749c00000, 0x0000000749e00000|  0%| F|  |TAMS 0x0000000749c00000, 0x0000000749c00000| Untracked 
|  59|0x0000000749e00000, 0x0000000749e00000, 0x000000074a000000|  0%| F|  |TAMS 0x0000000749e00000, 0x0000000749e00000| Untracked 
|  60|0x000000074a000000, 0x000000074a000000, 0x000000074a200000|  0%| F|  |TAMS 0x000000074a000000, 0x000000074a000000| Untracked 
|  61|0x000000074a200000, 0x000000074a200000, 0x000000074a400000|  0%| F|  |TAMS 0x000000074a200000, 0x000000074a200000| Untracked 
|  62|0x000000074a400000, 0x000000074a400000, 0x000000074a600000|  0%| F|  |TAMS 0x000000074a400000, 0x000000074a400000| Untracked 
|  63|0x000000074a600000, 0x000000074a600000, 0x000000074a800000|  0%| F|  |TAMS 0x000000074a600000, 0x000000074a600000| Untracked 
|  64|0x000000074a800000, 0x000000074a800000, 0x000000074aa00000|  0%| F|  |TAMS 0x000000074a800000, 0x000000074a800000| Untracked 
|  65|0x000000074aa00000, 0x000000074aa00000, 0x000000074ac00000|  0%| F|  |TAMS 0x000000074aa00000, 0x000000074aa00000| Untracked 
|  66|0x000000074ac00000, 0x000000074ac00000, 0x000000074ae00000|  0%| F|  |TAMS 0x000000074ac00000, 0x000000074ac00000| Untracked 
|  67|0x000000074ae00000, 0x000000074ae00000, 0x000000074b000000|  0%| F|  |TAMS 0x000000074ae00000, 0x000000074ae00000| Untracked 
|  68|0x000000074b000000, 0x000000074b000000, 0x000000074b200000|  0%| F|  |TAMS 0x000000074b000000, 0x000000074b000000| Untracked 
|  69|0x000000074b200000, 0x000000074b200000, 0x000000074b400000|  0%| F|  |TAMS 0x000000074b200000, 0x000000074b200000| Untracked 
|  70|0x000000074b400000, 0x000000074b400000, 0x000000074b600000|  0%| F|  |TAMS 0x000000074b400000, 0x000000074b400000| Untracked 
|  71|0x000000074b600000, 0x000000074b600000, 0x000000074b800000|  0%| F|  |TAMS 0x000000074b600000, 0x000000074b600000| Untracked 
|  72|0x000000074b800000, 0x000000074b800000, 0x000000074ba00000|  0%| F|  |TAMS 0x000000074b800000, 0x000000074b800000| Untracked 
|  73|0x000000074ba00000, 0x000000074ba00000, 0x000000074bc00000|  0%| F|  |TAMS 0x000000074ba00000, 0x000000074ba00000| Untracked 
|  74|0x000000074bc00000, 0x000000074bc00000, 0x000000074be00000|  0%| F|  |TAMS 0x000000074bc00000, 0x000000074bc00000| Untracked 
|  75|0x000000074be00000, 0x000000074be00000, 0x000000074c000000|  0%| F|  |TAMS 0x000000074be00000, 0x000000074be00000| Untracked 
|  76|0x000000074c000000, 0x000000074c000000, 0x000000074c200000|  0%| F|  |TAMS 0x000000074c000000, 0x000000074c000000| Untracked 
|  77|0x000000074c200000, 0x000000074c200000, 0x000000074c400000|  0%| F|  |TAMS 0x000000074c200000, 0x000000074c200000| Untracked 
|  78|0x000000074c400000, 0x000000074c400000, 0x000000074c600000|  0%| F|  |TAMS 0x000000074c400000, 0x000000074c400000| Untracked 
|  79|0x000000074c600000, 0x000000074c600000, 0x000000074c800000|  0%| F|  |TAMS 0x000000074c600000, 0x000000074c600000| Untracked 
|  80|0x000000074c800000, 0x000000074c800000, 0x000000074ca00000|  0%| F|  |TAMS 0x000000074c800000, 0x000000074c800000| Untracked 
|  81|0x000000074ca00000, 0x000000074ca00000, 0x000000074cc00000|  0%| F|  |TAMS 0x000000074ca00000, 0x000000074ca00000| Untracked 
|  82|0x000000074cc00000, 0x000000074cc00000, 0x000000074ce00000|  0%| F|  |TAMS 0x000000074cc00000, 0x000000074cc00000| Untracked 
|  83|0x000000074ce00000, 0x000000074ce00000, 0x000000074d000000|  0%| F|  |TAMS 0x000000074ce00000, 0x000000074ce00000| Untracked 
|  84|0x000000074d000000, 0x000000074d000000, 0x000000074d200000|  0%| F|  |TAMS 0x000000074d000000, 0x000000074d000000| Untracked 
|  85|0x000000074d200000, 0x000000074d200000, 0x000000074d400000|  0%| F|  |TAMS 0x000000074d200000, 0x000000074d200000| Untracked 
|  86|0x000000074d400000, 0x000000074d400000, 0x000000074d600000|  0%| F|  |TAMS 0x000000074d400000, 0x000000074d400000| Untracked 
|  87|0x000000074d600000, 0x000000074d600000, 0x000000074d800000|  0%| F|  |TAMS 0x000000074d600000, 0x000000074d600000| Untracked 
|  88|0x000000074d800000, 0x000000074d800000, 0x000000074da00000|  0%| F|  |TAMS 0x000000074d800000, 0x000000074d800000| Untracked 
|  89|0x000000074da00000, 0x000000074da00000, 0x000000074dc00000|  0%| F|  |TAMS 0x000000074da00000, 0x000000074da00000| Untracked 
|  90|0x000000074dc00000, 0x000000074dc00000, 0x000000074de00000|  0%| F|  |TAMS 0x000000074dc00000, 0x000000074dc00000| Untracked 
|  91|0x000000074de00000, 0x000000074de00000, 0x000000074e000000|  0%| F|  |TAMS 0x000000074de00000, 0x000000074de00000| Untracked 
|  92|0x000000074e000000, 0x000000074e000000, 0x000000074e200000|  0%| F|  |TAMS 0x000000074e000000, 0x000000074e000000| Untracked 
|  93|0x000000074e200000, 0x000000074e200000, 0x000000074e400000|  0%| F|  |TAMS 0x000000074e200000, 0x000000074e200000| Untracked 
|  94|0x000000074e400000, 0x000000074e5ecab8, 0x000000074e600000| 96%| E|  |TAMS 0x000000074e400000, 0x000000074e400000| Complete 

Card table byte_map: [0x000001e31f520000,0x000001e31fb10000] _byte_map_base: 0x000001e31bb0c000

Marking Bits (Prev, Next): (CMBitMap*) 0x000001e30846e400, (CMBitMap*) 0x000001e30846e440
 Prev Bits: [0x000001e320100000, 0x000001e323060000)
 Next Bits: [0x000001e323060000, 0x000001e325fc0000)

Polling page: 0x000001e306340000

Metaspace:

Usage:
  Non-class:    325.59 KB used.
      Class:     17.45 KB used.
       Both:    343.03 KB used.

Virtual space:
  Non-class space:       64.00 MB reserved,     448.00 KB ( <1%) committed,  1 nodes.
      Class space:        1.00 GB reserved,     128.00 KB ( <1%) committed,  1 nodes.
             Both:        1.06 GB reserved,     576.00 KB ( <1%) committed. 

Chunk freelists:
   Non-Class:  12.00 MB
       Class:  15.75 MB
        Both:  27.75 MB

MaxMetaspaceSize: unlimited
CompressedClassSpaceSize: 1.00 GB
Initial GC threshold: 21.00 MB
Current GC threshold: 21.00 MB
CDS: on
MetaspaceReclaimPolicy: balanced
 - commit_granule_bytes: 65536.
 - commit_granule_words: 8192.
 - virtual_space_node_default_size: 8388608.
 - enlarge_chunks_in_place: 1.
 - new_chunks_are_fully_committed: 0.
 - uncommit_free_chunks: 1.
 - use_allocation_guard: 0.
 - handle_deallocations: 1.


Internal statistics:

num_allocs_failed_limit: 0.
num_arena_births: 4.
num_arena_deaths: 0.
num_vsnodes_births: 2.
num_vsnodes_deaths: 0.
num_space_committed: 9.
num_space_uncommitted: 0.
num_chunks_returned_to_freelist: 0.
num_chunks_taken_from_freelist: 5.
num_chunk_merges: 0.
num_chunk_splits: 3.
num_chunks_enlarged: 1.
num_inconsistent_stats: 0.

CodeHeap 'non-profiled nmethods': size=120000Kb used=50Kb max_used=50Kb free=119949Kb
 bounds [0x000001e317a00000, 0x000001e317c70000, 0x000001e31ef30000]
CodeHeap 'profiled nmethods': size=120000Kb used=208Kb max_used=208Kb free=119791Kb
 bounds [0x000001e30ff30000, 0x000001e3101a0000, 0x000001e317460000]
CodeHeap 'non-nmethods': size=5760Kb used=1096Kb max_used=1096Kb free=4663Kb
 bounds [0x000001e317460000, 0x000001e3176d0000, 0x000001e317a00000]
 total_blobs=553 nmethods=184 adapters=282
 compilation: enabled
              stopped_count=0, restarted_count=0
 full_count=0

Compilation events (20 events):
Event: 0.139 Thread 0x000001e3284e8970  147       3       java.util.HashSet::<init> (16 bytes)
Event: 0.140 Thread 0x000001e3284e6030 nmethod 127 0x000001e317a0ad90 code [0x000001e317a0af20, 0x000001e317a0aff8]
Event: 0.140 Thread 0x000001e3284e6030  148       4       java.util.HashMap::putVal (300 bytes)
Event: 0.140 Thread 0x000001e3284e8970 nmethod 147 0x000001e30ff58790 code [0x000001e30ff58960, 0x000001e30ff58d78]
Event: 0.140 Thread 0x000001e3284e8970  150       3       java.util.AbstractMap::<init> (5 bytes)
Event: 0.140 Thread 0x000001e3284e8970 nmethod 150 0x000001e30ff58f10 code [0x000001e30ff590a0, 0x000001e30ff591f8]
Event: 0.140 Thread 0x000001e3284e8970  146       1       java.lang.module.ResolvedModule::reference (5 bytes)
Event: 0.140 Thread 0x000001e3284e8970 nmethod 146 0x000001e317a0b090 code [0x000001e317a0b220, 0x000001e317a0b2f8]
Event: 0.140 Thread 0x000001e3284e8970  151       3       java.util.ImmutableCollections$Set12::iterator (9 bytes)
Event: 0.140 Thread 0x000001e3284e8970 nmethod 151 0x000001e30ff59290 code [0x000001e30ff59440, 0x000001e30ff59738]
Event: 0.140 Thread 0x000001e3284e8970  152       3       java.util.ImmutableCollections$Set12$1::<init> (32 bytes)
Event: 0.141 Thread 0x000001e3284e8970 nmethod 152 0x000001e30ff59810 code [0x000001e30ff599c0, 0x000001e30ff59bf8]
Event: 0.142 Thread 0x000001e3284e8970  153       1       java.lang.module.ResolvedModule::configuration (5 bytes)
Event: 0.142 Thread 0x000001e3284e8970 nmethod 153 0x000001e317a0b390 code [0x000001e317a0b520, 0x000001e317a0b5f8]
Event: 0.142 Thread 0x000001e3284e8970  154       1       java.lang.module.ModuleDescriptor::isOpen (5 bytes)
Event: 0.142 Thread 0x000001e3284e8970 nmethod 154 0x000001e317a0b690 code [0x000001e317a0b820, 0x000001e317a0b8f8]
Event: 0.142 Thread 0x000001e3284e8970  155       1       java.util.HashMap::size (5 bytes)
Event: 0.142 Thread 0x000001e3284e8970 nmethod 155 0x000001e317a0b990 code [0x000001e317a0bb20, 0x000001e317a0bbf8]
Event: 0.143 Thread 0x000001e3284e8970  156       1       java.lang.module.ModuleDescriptor$Provides::service (5 bytes)
Event: 0.143 Thread 0x000001e3284e8970 nmethod 156 0x000001e317a0bc90 code [0x000001e317a0be20, 0x000001e317a0bef8]

GC Heap History (0 events):
No events

Dll operation events (3 events):
Event: 0.011 Loaded shared library C:\Users\Я\.jdks\corretto-17.0.9\bin\java.dll
Event: 0.038 Loaded shared library C:\Users\Я\.jdks\corretto-17.0.9\bin\jsvml.dll
Event: 0.145 Loaded shared library C:\Users\Я\.jdks\corretto-17.0.9\bin\zip.dll

Deoptimization events (0 events):
No events

Classes unloaded (0 events):
No events

Classes redefined (0 events):
No events

Internal exceptions (0 events):
No events

VM Operations (2 events):
Event: 0.125 Executing VM operation: HandshakeAllThreads
Event: 0.125 Executing VM operation: HandshakeAllThreads done

Events (18 events):
Event: 0.038 Thread 0x000001e3084176d0 Thread added: 0x000001e3084176d0
Event: 0.041 Thread 0x000001e3284ba4e0 Thread added: 0x000001e3284ba4e0
Event: 0.041 Thread 0x000001e3284baf70 Thread added: 0x000001e3284baf70
Event: 0.051 loading class sun/nio/cs/MS1251
Event: 0.051 loading class sun/nio/cs/MS1251 done
Event: 0.053 loading class sun/nio/cs/MS1251$Holder
Event: 0.053 loading class sun/nio/cs/MS1251$Holder done
Event: 0.057 loading class sun/nio/cs/UTF_8$Encoder
Event: 0.057 loading class sun/nio/cs/UTF_8$Encoder done
Event: 0.058 Thread 0x000001e3284d0eb0 Thread added: 0x000001e3284d0eb0
Event: 0.058 Thread 0x000001e3284d1590 Thread added: 0x000001e3284d1590
Event: 0.058 Thread 0x000001e3284d3b70 Thread added: 0x000001e3284d3b70
Event: 0.058 Thread 0x000001e3284d4140 Thread added: 0x000001e3284d4140
Event: 0.059 Thread 0x000001e3284e6030 Thread added: 0x000001e3284e6030
Event: 0.059 Thread 0x000001e3284e8970 Thread added: 0x000001e3284e8970
Event: 0.059 Thread 0x000001e328608070 Thread added: 0x000001e328608070
Event: 0.097 Thread 0x000001e36e005410 Thread added: 0x000001e36e005410
Event: 0.147 loading class sun/instrument/InstrumentationImpl


Dynamic libraries:
0x00007ff75a3d0000 - 0x00007ff75a3de000 	C:\Users\Я\.jdks\corretto-17.0.9\bin\java.exe
0x00007fffd0390000 - 0x00007fffd0587000 	C:\WINDOWS\SYSTEM32\ntdll.dll
0x00007fffceb20000 - 0x00007fffcebdd000 	C:\WINDOWS\System32\KERNEL32.DLL
0x00007fffcda70000 - 0x00007fffcdd66000 	C:\WINDOWS\System32\KERNELBASE.dll
0x00007fffcdff0000 - 0x00007fffce0f0000 	C:\WINDOWS\System32\ucrtbase.dll
0x00007fffc52b0000 - 0x00007fffc52cb000 	C:\Users\Я\.jdks\corretto-17.0.9\bin\VCRUNTIME140.dll
0x00007fffc5e50000 - 0x00007fffc5e67000 	C:\Users\Я\.jdks\corretto-17.0.9\bin\jli.dll
0x00007fffceea0000 - 0x00007fffcf03e000 	C:\WINDOWS\System32\USER32.dll
0x00007fffcda40000 - 0x00007fffcda62000 	C:\WINDOWS\System32\win32u.dll
0x00007fffa6e90000 - 0x00007fffa712a000 	C:\WINDOWS\WinSxS\amd64_microsoft.windows.common-controls_6595b64144ccf1df_6.0.19041.3570_none_60bb2a3971f3e41a\COMCTL32.dll
0x00007fffcfb10000 - 0x00007fffcfb3c000 	C:\WINDOWS\System32\GDI32.dll
0x00007fffd0200000 - 0x00007fffd029e000 	C:\WINDOWS\System32\msvcrt.dll
0x00007fffcde10000 - 0x00007fffcdf2a000 	C:\WINDOWS\System32\gdi32full.dll
0x00007fffcdd70000 - 0x00007fffcde0d000 	C:\WINDOWS\System32\msvcp_win.dll
0x00007fffcfc20000 - 0x00007fffcfc50000 	C:\WINDOWS\System32\IMM32.DLL
0x00007fffc7fc0000 - 0x00007fffc7fcc000 	C:\Users\Я\.jdks\corretto-17.0.9\bin\vcruntime140_1.dll
0x00007fffa2ee0000 - 0x00007fffa2f6d000 	C:\Users\Я\.jdks\corretto-17.0.9\bin\msvcp140.dll
0x00007fff80180000 - 0x00007fff80de1000 	C:\Users\Я\.jdks\corretto-17.0.9\bin\server\jvm.dll
0x00007fffcf990000 - 0x00007fffcfa3e000 	C:\WINDOWS\System32\ADVAPI32.dll
0x00007fffcebe0000 - 0x00007fffcec7c000 	C:\WINDOWS\System32\sechost.dll
0x00007fffced30000 - 0x00007fffcee56000 	C:\WINDOWS\System32\RPCRT4.dll
0x00007fffae7c0000 - 0x00007fffae7c9000 	C:\WINDOWS\SYSTEM32\WSOCK32.dll
0x00007fffb0cb0000 - 0x00007fffb0cd7000 	C:\WINDOWS\SYSTEM32\WINMM.dll
0x00007fffcfaa0000 - 0x00007fffcfb0b000 	C:\WINDOWS\System32\WS2_32.dll
0x00007fffccfa0000 - 0x00007fffccfeb000 	C:\WINDOWS\SYSTEM32\POWRPROF.dll
0x00007fffc6ba0000 - 0x00007fffc6baa000 	C:\WINDOWS\SYSTEM32\VERSION.dll
0x00007fffcce60000 - 0x00007fffcce72000 	C:\WINDOWS\SYSTEM32\UMPDC.dll
0x00007fffcc270000 - 0x00007fffcc282000 	C:\WINDOWS\SYSTEM32\kernel.appcore.dll
0x00007fffc7f80000 - 0x00007fffc7f8a000 	C:\Users\Я\.jdks\corretto-17.0.9\bin\jimage.dll
0x00007fffcbfa0000 - 0x00007fffcc184000 	C:\WINDOWS\SYSTEM32\DBGHELP.DLL
0x00007fffbe870000 - 0x00007fffbe8a4000 	C:\WINDOWS\SYSTEM32\dbgcore.DLL
0x00007fffcdf30000 - 0x00007fffcdfb2000 	C:\WINDOWS\System32\bcryptPrimitives.dll
0x00007fffc7f60000 - 0x00007fffc7f6e000 	C:\Users\Я\.jdks\corretto-17.0.9\bin\instrument.dll
0x00007fffbfda0000 - 0x00007fffbfdc5000 	C:\Users\Я\.jdks\corretto-17.0.9\bin\java.dll
0x00007fffa2260000 - 0x00007fffa2337000 	C:\Users\Я\.jdks\corretto-17.0.9\bin\jsvml.dll
0x00007fffcf0a0000 - 0x00007fffcf7e4000 	C:\WINDOWS\System32\SHELL32.dll
0x00007fffcb730000 - 0x00007fffcbecb000 	C:\WINDOWS\SYSTEM32\windows.storage.dll
0x00007fffce3c0000 - 0x00007fffce714000 	C:\WINDOWS\System32\combase.dll
0x00007fffcd480000 - 0x00007fffcd4ad000 	C:\WINDOWS\SYSTEM32\Wldp.dll
0x00007fffcec80000 - 0x00007fffced2d000 	C:\WINDOWS\System32\SHCORE.dll
0x00007fffcf040000 - 0x00007fffcf095000 	C:\WINDOWS\System32\shlwapi.dll
0x00007fffcd970000 - 0x00007fffcd995000 	C:\WINDOWS\SYSTEM32\profapi.dll
0x00007fffc5290000 - 0x00007fffc52a8000 	C:\Users\Я\.jdks\corretto-17.0.9\bin\zip.dll
0x00007fffbe030000 - 0x00007fffbe049000 	C:\Users\Я\.jdks\corretto-17.0.9\bin\net.dll
0x00007fffc23c0000 - 0x00007fffc24ca000 	C:\WINDOWS\SYSTEM32\WINHTTP.dll
0x00007fffcd1e0000 - 0x00007fffcd24a000 	C:\WINDOWS\system32\mswsock.dll
0x00007fffbdd60000 - 0x00007fffbdd76000 	C:\Users\Я\.jdks\corretto-17.0.9\bin\nio.dll

dbghelp: loaded successfully - version: 4.0.5 - missing functions: none
symbol engine: initialized successfully - sym options: 0x614 - pdb path: .;C:\Users\Я\.jdks\corretto-17.0.9\bin;C:\WINDOWS\SYSTEM32;C:\WINDOWS\WinSxS\amd64_microsoft.windows.common-controls_6595b64144ccf1df_6.0.19041.3570_none_60bb2a3971f3e41a;C:\Users\Я\.jdks\corretto-17.0.9\bin\server

VM Arguments:
jvm_args: -javaagent:E:\Прога\IntelliJ IDEA Community Edition 2023.2.1\lib\idea_rt.jar=51756:E:\Прога\IntelliJ IDEA Community Edition 2023.2.1\bin -Dfile.encoding=UTF-8 
java_command: ru.gr106.fractal.MainKt
java_class_path (initial): E:\Прога\IdeaProjects\Fractals-2023-05-106(1)\out\production\Fractals-2023;C:\Users\Я\.m2\repository\org\jetbrains\kotlin\kotlin-stdlib-jdk8\1.9.0\kotlin-stdlib-jdk8-1.9.0.jar;C:\Users\Я\.m2\repository\org\jetbrains\kotlin\kotlin-stdlib\1.9.0\kotlin-stdlib-1.9.0.jar;C:\Users\Я\.m2\repository\org\jetbrains\kotlin\kotlin-stdlib-common\1.9.0\kotlin-stdlib-common-1.9.0.jar;C:\Users\Я\.m2\repository\org\jetbrains\annotations\13.0\annotations-13.0.jar;C:\Users\Я\.m2\repository\org\jetbrains\kotlin\kotlin-stdlib-jdk7\1.9.0\kotlin-stdlib-jdk7-1.9.0.jar;C:\Users\Я\.m2\repository\org\jcodec\jcodec\0.2.5\jcodec-0.2.5.jar;C:\Users\Я\.m2\repository\org\jcodec\jcodec-javase\0.2.5\jcodec-javase-0.2.5.jar
Launcher Type: SUN_STANDARD

[Global flags]
     intx CICompilerCount                          = 3                                         {product} {ergonomic}
     uint ConcGCThreads                            = 1                                         {product} {ergonomic}
     uint G1ConcRefinementThreads                  = 4                                         {product} {ergonomic}
   size_t G1HeapRegionSize                         = 2097152                                   {product} {ergonomic}
    uintx GCDrainStackTargetSize                   = 64                                        {product} {ergonomic}
   size_t InitialHeapSize                          = 199229440                                 {product} {ergonomic}
   size_t MarkStackSize                            = 4194304                                   {product} {ergonomic}
   size_t MaxHeapSize                              = 3179282432                                {product} {ergonomic}
   size_t MaxNewSize                               = 1906311168                                {product} {ergonomic}
   size_t MinHeapDeltaBytes                        = 2097152                                   {product} {ergonomic}
   size_t MinHeapSize                              = 8388608                                   {product} {ergonomic}
    uintx NonNMethodCodeHeapSize                   = 5832780                                {pd product} {ergonomic}
    uintx NonProfiledCodeHeapSize                  = 122912730                              {pd product} {ergonomic}
    uintx ProfiledCodeHeapSize                     = 122912730                              {pd product} {ergonomic}
    uintx ReservedCodeCacheSize                    = 251658240                              {pd product} {ergonomic}
     bool SegmentedCodeCache                       = true                                      {product} {ergonomic}
   size_t SoftMaxHeapSize                          = 3179282432                             {manageable} {ergonomic}
     bool UseCompressedClassPointers               = true                           {product lp64_product} {ergonomic}
     bool UseCompressedOops                        = true                           {product lp64_product} {ergonomic}
     bool UseG1GC                                  = true                                      {product} {ergonomic}
     bool UseLargePagesIndividualAllocation        = false                                  {pd product} {ergonomic}

Logging:
Log output configuration:
 #0: stdout all=warning uptime,level,tags
 #1: stderr all=off uptime,level,tags

Environment Variables:
PATH=C:\Program Files (x86)\Intel\Intel(R) Management Engine Components\iCLS\;C:\Program Files\Intel\Intel(R) Management Engine Components\iCLS\;C:\WINDOWS\system32;C:\WINDOWS;C:\WINDOWS\System32\Wbem;C:\WINDOWS\System32\WindowsPowerShell\v1.0\;C:\WINDOWS\System32\OpenSSH\;C:\Program Files (x86)\Intel\Intel(R) Management Engine Components\DAL;C:\Program Files\Intel\Intel(R) Management Engine Components\DAL;C:\Program Files\dotnet\;C:\Program Files\Microsoft SQL Server\150\Tools\Binn\;C:\Program Files\Microsoft SQL Server\Client SDK\ODBC\170\Tools\Binn\;C:\Program Files\Git\cmd;C:\Program Files\MySQL\MySQL Shell 8.0\bin\;C:\Python38-32\Scripts\;C:\Python38-32\;C:\python\Scripts\;C:\python\;C:\windows\system32;C:\windows;C:\windows\System32\Wbem;C:\windows\System32\WindowsPowerShell\v1.0\;C:\windows\System32\OpenSSH\;C:\Users\Я\AppData\Local\Microsoft\WindowsApps;C:\python\Scripts;C:\python;C:\Users\Я\AppData\Local\Microsoft\WindowsApps;C:\python\PYPY3;C:\python\Lib;C:\python\Lib\site-packages;C:\python\PYPY3\Scripts;C:\Users\Я\.dotnet\tools;E:\Прога\IntelliJ IDEA Community Edition 2023.2.1\bin
USERNAME=Я
OS=Windows_NT
PROCESSOR_IDENTIFIER=Intel64 Family 6 Model 142 Stepping 10, GenuineIntel
TMP=C:\Users\4483~1\AppData\Local\Temp
TEMP=C:\Users\4483~1\AppData\Local\Temp



Periodic native trim disabled


---------------  S Y S T E M  ---------------

OS:
 Windows 10 , 64 bit Build 19041 (10.0.19041.3570)
OS uptime: 42 days 4:39 hours

CPU: total 4 (initial active 4) (2 cores per cpu, 2 threads per core) family 6 model 142 stepping 10 microcode 0xb4, cx8, cmov, fxsr, ht, mmx, 3dnowpref, sse, sse2, sse3, ssse3, sse4.1, sse4.2, popcnt, lzcnt, tsc, tscinvbit, avx, avx2, aes, erms, clmul, bmi1, bmi2, adx, fma, vzeroupper, clflush, clflushopt
Processor Information for all 4 processors :
  Max Mhz: 2208, Current Mhz: 2208, Mhz Limit: 2208

Memory: 4k page, system-wide physical 12122M (2667M free)
TotalPageFile size 27227M (AvailPageFile size 0M)
current process WorkingSet (physical memory assigned to process): 36M, peak: 36M
current process commit charge ("private bytes"): 267M, peak: 267M

vm_info: OpenJDK 64-Bit Server VM (17.0.9+8-LTS) for windows-amd64 JRE (17.0.9+8-LTS), built on Oct 12 2023 16:15:33 by "Administrator" with MS VC++ 16.10 / 16.11 (VS2019)

END.
