#
# There is insufficient memory for the Java Runtime Environment to continue.
# Native memory allocation (malloc) failed to allocate 107376 bytes for Chunk::new
# Possible reasons:
#   The system is out of physical RAM or swap space
#   The process is running with CompressedOops enabled, and the Java Heap may be blocking the growth of the native heap
# Possible solutions:
#   Reduce memory load on the system
#   Increase physical memory or swap space
#   Check if swap backing store is full
#   Decrease Java heap size (-Xmx/-Xms)
#   Decrease number of Java threads
#   Decrease Java thread stack sizes (-Xss)
#   Set larger code cache with -XX:ReservedCodeCacheSize=
#   JVM is running with Zero Based Compressed Oops mode in which the Java heap is
#     placed in the first 32GB address space. The Java Heap base address is the
#     maximum limit for the native heap growth. Please use -XX:HeapBaseMinAddress
#     to set the Java Heap base and to place the Java Heap above 32GB virtual address.
# This output file may be truncated or incomplete.
#
#  Out of Memory Error (arena.cpp:191), pid=31152, tid=19212
#
# JRE version: OpenJDK Runtime Environment Corretto-17.0.9.8.1 (17.0.9+8) (build 17.0.9+8-LTS)
# Java VM: OpenJDK 64-Bit Server VM Corretto-17.0.9.8.1 (17.0.9+8-LTS, mixed mode, sharing, tiered, compressed oops, compressed class ptrs, g1 gc, windows-amd64)
# No core dump will be written. Minidumps are not enabled by default on client versions of Windows
#

---------------  S U M M A R Y ------------

Command Line: -javaagent:E:\Прога\IntelliJ IDEA Community Edition 2023.2.1\lib\idea_rt.jar=51765:E:\Прога\IntelliJ IDEA Community Edition 2023.2.1\bin -Dfile.encoding=UTF-8 ru.gr106.fractal.MainKt

Host: Intel(R) Core(TM) i3-8130U CPU @ 2.20GHz, 4 cores, 11G,  Windows 10 , 64 bit Build 19041 (10.0.19041.3570)
Time: Wed Dec  6 14:34:26 2023  Windows 10 , 64 bit Build 19041 (10.0.19041.3570) elapsed time: 0.722356 seconds (0d 0h 0m 0s)

---------------  T H R E A D  ---------------

Current thread (0x000001be1ac19480):  JavaThread "C2 CompilerThread1" daemon [_thread_in_native, id=19212, stack(0x0000008d1b000000,0x0000008d1b100000)]


Current CompileTask:
C2:    722 1041       4       ru.gr106.fractal.gui.Window$1::invoke (76 bytes)

Stack: [0x0000008d1b000000,0x0000008d1b100000]
Native frames: (J=compiled Java code, j=interpreted, Vv=VM code, C=native code)
V  [jvm.dll+0x67cb49]
V  [jvm.dll+0x8344da]
V  [jvm.dll+0x835f9e]
V  [jvm.dll+0x836603]
V  [jvm.dll+0x247b5f]
V  [jvm.dll+0xac43c]
V  [jvm.dll+0xaca8c]
V  [jvm.dll+0x366c87]
V  [jvm.dll+0x330fda]
V  [jvm.dll+0x33047a]
V  [jvm.dll+0x21a201]
V  [jvm.dll+0x219621]
V  [jvm.dll+0x1a56cd]
V  [jvm.dll+0x2293ee]
V  [jvm.dll+0x2275bc]
V  [jvm.dll+0x7e95a7]
V  [jvm.dll+0x7e396a]
V  [jvm.dll+0x67ba35]
C  [ucrtbase.dll+0x21bb2]
C  [KERNEL32.DLL+0x17344]
C  [ntdll.dll+0x526b1]


---------------  P R O C E S S  ---------------

Threads class SMR info:
_java_thread_list=0x000001be1adc5f20, length=22, elements={
0x000001bdcd9c6f70, 0x000001bdcd9c7df0, 0x000001bdcd9e2a40, 0x000001bdcd9e3510,
0x000001bdcd9e5ee0, 0x000001bdcd9e68a0, 0x000001bdcd9ecab0, 0x000001bdcd9f54c0,
0x000001bdcda0a6b0, 0x000001bdcdbecba0, 0x000001bdcdd71cd0, 0x000001bdcdd721b0,
0x000001bdcdeb6ac0, 0x000001bdcdeba670, 0x000001bdcdebcf70, 0x000001bdcddc2c10,
0x000001bdad96a450, 0x000001be1adb9e60, 0x000001bdcdc8a4d0, 0x000001be1adde210,
0x000001be1addb990, 0x000001be1ac19480
}

Java Threads: ( => current thread )
  0x000001bdcd9c6f70 JavaThread "Reference Handler" daemon [_thread_blocked, id=16364, stack(0x0000008d19b00000,0x0000008d19c00000)]
  0x000001bdcd9c7df0 JavaThread "Finalizer" daemon [_thread_blocked, id=3148, stack(0x0000008d19c00000,0x0000008d19d00000)]
  0x000001bdcd9e2a40 JavaThread "Signal Dispatcher" daemon [_thread_blocked, id=20860, stack(0x0000008d19d00000,0x0000008d19e00000)]
  0x000001bdcd9e3510 JavaThread "Attach Listener" daemon [_thread_blocked, id=27020, stack(0x0000008d19e00000,0x0000008d19f00000)]
  0x000001bdcd9e5ee0 JavaThread "Service Thread" daemon [_thread_blocked, id=25872, stack(0x0000008d19f00000,0x0000008d1a000000)]
  0x000001bdcd9e68a0 JavaThread "Monitor Deflation Thread" daemon [_thread_blocked, id=29764, stack(0x0000008d1a000000,0x0000008d1a100000)]
  0x000001bdcd9ecab0 JavaThread "C2 CompilerThread0" daemon [_thread_in_native, id=10556, stack(0x0000008d1a100000,0x0000008d1a200000)]
  0x000001bdcd9f54c0 JavaThread "C1 CompilerThread0" daemon [_thread_in_vm, id=22316, stack(0x0000008d1a200000,0x0000008d1a300000)]
  0x000001bdcda0a6b0 JavaThread "Sweeper thread" daemon [_thread_blocked, id=19188, stack(0x0000008d1a300000,0x0000008d1a400000)]
  0x000001bdcdbecba0 JavaThread "Common-Cleaner" daemon [_thread_blocked, id=24140, stack(0x0000008d1a400000,0x0000008d1a500000)]
  0x000001bdcdd71cd0 JavaThread "Monitor Ctrl-Break" daemon [_thread_in_native, id=9180, stack(0x0000008d1a500000,0x0000008d1a600000)]
  0x000001bdcdd721b0 JavaThread "Notification Thread" daemon [_thread_blocked, id=20452, stack(0x0000008d1a600000,0x0000008d1a700000)]
  0x000001bdcdeb6ac0 JavaThread "Java2D Disposer" daemon [_thread_blocked, id=12540, stack(0x0000008d1a800000,0x0000008d1a900000)]
  0x000001bdcdeba670 JavaThread "AWT-Shutdown" [_thread_blocked, id=25960, stack(0x0000008d1a900000,0x0000008d1aa00000)]
  0x000001bdcdebcf70 JavaThread "AWT-Windows" daemon [_thread_in_native, id=8180, stack(0x0000008d1aa00000,0x0000008d1ab00000)]
  0x000001bdcddc2c10 JavaThread "AWT-EventQueue-0" [_thread_blocked, id=32612, stack(0x0000008d1ab00000,0x0000008d1ac00000)]
  0x000001bdad96a450 JavaThread "DestroyJavaVM" [_thread_blocked, id=25604, stack(0x0000008d19400000,0x0000008d19500000)]
  0x000001be1adb9e60 JavaThread "Thread-0" [_thread_blocked, id=26120, stack(0x0000008d1ac00000,0x0000008d1ad00000)]
  0x000001bdcdc8a4d0 JavaThread "Thread-1" [_thread_in_Java, id=26792, stack(0x0000008d1ad00000,0x0000008d1ae00000)]
  0x000001be1adde210 JavaThread "Thread-2" [_thread_in_Java, id=13348, stack(0x0000008d1ae00000,0x0000008d1af00000)]
  0x000001be1addb990 JavaThread "Thread-3" [_thread_blocked, id=12908, stack(0x0000008d1af00000,0x0000008d1b000000)]
=>0x000001be1ac19480 JavaThread "C2 CompilerThread1" daemon [_thread_in_native, id=19212, stack(0x0000008d1b000000,0x0000008d1b100000)]

Other Threads:
  0x000001bdcd9c4370 VMThread "VM Thread" [stack: 0x0000008d19a00000,0x0000008d19b00000] [id=20880]
  0x000001bdad96b410 WatcherThread [stack: 0x0000008d1a700000,0x0000008d1a800000] [id=648]
  0x000001bdad9c0730 GCTaskThread "GC Thread#0" [stack: 0x0000008d19500000,0x0000008d19600000] [id=10196]
  0x000001bdcdc8a9b0 GCTaskThread "GC Thread#1" [stack: 0x0000008d1b100000,0x0000008d1b200000] [id=14220]
  0x000001be1adc4ce0 GCTaskThread "GC Thread#2" [stack: 0x0000008d1b200000,0x0000008d1b300000] [id=20912]
  0x000001be1add2be0 GCTaskThread "GC Thread#3" [stack: 0x0000008d1b300000,0x0000008d1b400000] [id=10916]
  0x000001bdad9cd400 ConcurrentGCThread "G1 Main Marker" [stack: 0x0000008d19600000,0x0000008d19700000] [id=19388]
  0x000001bdad9ce5c0 ConcurrentGCThread "G1 Conc#0" [stack: 0x0000008d19700000,0x0000008d19800000] [id=18564]
  0x000001bdada2e290 ConcurrentGCThread "G1 Refine#0" [stack: 0x0000008d19800000,0x0000008d19900000] [id=27852]
  0x000001be1ae019a0 ConcurrentGCThread "G1 Refine#1" [stack: 0x0000000000000000,0x0000000000000000] [id=4860]
  0x000001bdcd8800a0 ConcurrentGCThread "G1 Service" [stack: 0x0000008d19900000,0x0000008d19a00000] [id=28844]

Threads with active compile tasks:
C2 CompilerThread0      752 1042       4       drawing.Converter::xScr2Crt (19 bytes)
C2 CompilerThread1      752 1041       4       ru.gr106.fractal.gui.Window$1::invoke (76 bytes)

VM state: not at safepoint (normal execution)

VM Mutex/Monitor currently owned by a thread: None

Heap address: 0x0000000742800000, size: 3032 MB, Compressed Oops mode: Zero based, Oop shift amount: 3

CDS archive(s) mapped at: [0x000001bdce000000-0x000001bdceba0000-0x000001bdceba0000), size 12189696, SharedBaseAddress: 0x000001bdce000000, ArchiveRelocationMode: 1.
Compressed class space mapped at: 0x000001bdcf000000-0x000001be0f000000, reserved size: 1073741824
Narrow klass base: 0x000001bdce000000, Narrow klass shift: 0, Narrow klass range: 0x100000000

GC Precious Log:
 CPUs: 4 total, 4 available
 Memory: 12122M
 Large Page Support: Disabled
 NUMA Support: Disabled
 Compressed Oops: Enabled (Zero based)
 Heap Region Size: 2M
 Heap Min Capacity: 8M
 Heap Initial Capacity: 190M
 Heap Max Capacity: 3032M
 Pre-touch: Disabled
 Parallel Workers: 4
 Concurrent Workers: 1
 Concurrent Refinement Workers: 4
 Periodic GC: Disabled

Heap:
 garbage-first heap   total 194560K, used 11609K [0x0000000742800000, 0x0000000800000000)
  region size 2048K, 3 young (6144K), 1 survivors (2048K)
 Metaspace       used 9647K, committed 9920K, reserved 1114112K
  class space    used 1132K, committed 1280K, reserved 1048576K

Heap Regions: E=young(eden), S=young(survivor), O=old, HS=humongous(starts), HC=humongous(continues), CS=collection set, F=free, OA=open archive, CA=closed archive, TAMS=top-at-mark-start (previous, next)
|   0|0x0000000742800000, 0x0000000742a00000, 0x0000000742a00000|100%|HS|  |TAMS 0x0000000742800000, 0x0000000742800000| Complete 
|   1|0x0000000742a00000, 0x0000000742c00000, 0x0000000742c00000|100%|HC|  |TAMS 0x0000000742a00000, 0x0000000742a00000| Complete 
|   2|0x0000000742c00000, 0x0000000742e00000, 0x0000000742e00000|100%|HS|  |TAMS 0x0000000742c00000, 0x0000000742c00000| Complete 
|   3|0x0000000742e00000, 0x0000000743000000, 0x0000000743000000|100%| O|  |TAMS 0x0000000742e00000, 0x0000000742e00000| Untracked 
|   4|0x0000000743000000, 0x0000000743114a00, 0x0000000743200000| 54%| O|  |TAMS 0x0000000743000000, 0x0000000743000000| Untracked 
|   5|0x0000000743200000, 0x0000000743200000, 0x0000000743400000|  0%| F|  |TAMS 0x0000000743200000, 0x0000000743200000| Untracked 
|   6|0x0000000743400000, 0x0000000743400000, 0x0000000743600000|  0%| F|  |TAMS 0x0000000743400000, 0x0000000743400000| Untracked 
|   7|0x0000000743600000, 0x0000000743600000, 0x0000000743800000|  0%| F|  |TAMS 0x0000000743600000, 0x0000000743600000| Untracked 
|   8|0x0000000743800000, 0x0000000743800000, 0x0000000743a00000|  0%| F|  |TAMS 0x0000000743800000, 0x0000000743800000| Untracked 
|   9|0x0000000743a00000, 0x0000000743a00000, 0x0000000743c00000|  0%| F|  |TAMS 0x0000000743a00000, 0x0000000743a00000| Untracked 
|  10|0x0000000743c00000, 0x0000000743c00000, 0x0000000743e00000|  0%| F|  |TAMS 0x0000000743c00000, 0x0000000743c00000| Untracked 
|  11|0x0000000743e00000, 0x0000000743e00000, 0x0000000744000000|  0%| F|  |TAMS 0x0000000743e00000, 0x0000000743e00000| Untracked 
|  12|0x0000000744000000, 0x0000000744000000, 0x0000000744200000|  0%| F|  |TAMS 0x0000000744000000, 0x0000000744000000| Untracked 
|  13|0x0000000744200000, 0x0000000744200000, 0x0000000744400000|  0%| F|  |TAMS 0x0000000744200000, 0x0000000744200000| Untracked 
|  14|0x0000000744400000, 0x0000000744400000, 0x0000000744600000|  0%| F|  |TAMS 0x0000000744400000, 0x0000000744400000| Untracked 
|  15|0x0000000744600000, 0x0000000744600000, 0x0000000744800000|  0%| F|  |TAMS 0x0000000744600000, 0x0000000744600000| Untracked 
|  16|0x0000000744800000, 0x0000000744800000, 0x0000000744a00000|  0%| F|  |TAMS 0x0000000744800000, 0x0000000744800000| Untracked 
|  17|0x0000000744a00000, 0x0000000744a00000, 0x0000000744c00000|  0%| F|  |TAMS 0x0000000744a00000, 0x0000000744a00000| Untracked 
|  18|0x0000000744c00000, 0x0000000744c00000, 0x0000000744e00000|  0%| F|  |TAMS 0x0000000744c00000, 0x0000000744c00000| Untracked 
|  19|0x0000000744e00000, 0x0000000744e00000, 0x0000000745000000|  0%| F|  |TAMS 0x0000000744e00000, 0x0000000744e00000| Untracked 
|  20|0x0000000745000000, 0x0000000745000000, 0x0000000745200000|  0%| F|  |TAMS 0x0000000745000000, 0x0000000745000000| Untracked 
|  21|0x0000000745200000, 0x0000000745200000, 0x0000000745400000|  0%| F|  |TAMS 0x0000000745200000, 0x0000000745200000| Untracked 
|  22|0x0000000745400000, 0x0000000745400000, 0x0000000745600000|  0%| F|  |TAMS 0x0000000745400000, 0x0000000745400000| Untracked 
|  23|0x0000000745600000, 0x0000000745600000, 0x0000000745800000|  0%| F|  |TAMS 0x0000000745600000, 0x0000000745600000| Untracked 
|  24|0x0000000745800000, 0x0000000745800000, 0x0000000745a00000|  0%| F|  |TAMS 0x0000000745800000, 0x0000000745800000| Untracked 
|  25|0x0000000745a00000, 0x0000000745a00000, 0x0000000745c00000|  0%| F|  |TAMS 0x0000000745a00000, 0x0000000745a00000| Untracked 
|  26|0x0000000745c00000, 0x0000000745c00000, 0x0000000745e00000|  0%| F|  |TAMS 0x0000000745c00000, 0x0000000745c00000| Untracked 
|  27|0x0000000745e00000, 0x0000000745e00000, 0x0000000746000000|  0%| F|  |TAMS 0x0000000745e00000, 0x0000000745e00000| Untracked 
|  28|0x0000000746000000, 0x0000000746000000, 0x0000000746200000|  0%| F|  |TAMS 0x0000000746000000, 0x0000000746000000| Untracked 
|  29|0x0000000746200000, 0x0000000746200000, 0x0000000746400000|  0%| F|  |TAMS 0x0000000746200000, 0x0000000746200000| Untracked 
|  30|0x0000000746400000, 0x0000000746400000, 0x0000000746600000|  0%| F|  |TAMS 0x0000000746400000, 0x0000000746400000| Untracked 
|  31|0x0000000746600000, 0x0000000746600000, 0x0000000746800000|  0%| F|  |TAMS 0x0000000746600000, 0x0000000746600000| Untracked 
|  32|0x0000000746800000, 0x0000000746800000, 0x0000000746a00000|  0%| F|  |TAMS 0x0000000746800000, 0x0000000746800000| Untracked 
|  33|0x0000000746a00000, 0x0000000746a00000, 0x0000000746c00000|  0%| F|  |TAMS 0x0000000746a00000, 0x0000000746a00000| Untracked 
|  34|0x0000000746c00000, 0x0000000746c00000, 0x0000000746e00000|  0%| F|  |TAMS 0x0000000746c00000, 0x0000000746c00000| Untracked 
|  35|0x0000000746e00000, 0x0000000746e00000, 0x0000000747000000|  0%| F|  |TAMS 0x0000000746e00000, 0x0000000746e00000| Untracked 
|  36|0x0000000747000000, 0x0000000747000000, 0x0000000747200000|  0%| F|  |TAMS 0x0000000747000000, 0x0000000747000000| Untracked 
|  37|0x0000000747200000, 0x0000000747200000, 0x0000000747400000|  0%| F|  |TAMS 0x0000000747200000, 0x0000000747200000| Untracked 
|  38|0x0000000747400000, 0x0000000747400000, 0x0000000747600000|  0%| F|  |TAMS 0x0000000747400000, 0x0000000747400000| Untracked 
|  39|0x0000000747600000, 0x0000000747600000, 0x0000000747800000|  0%| F|  |TAMS 0x0000000747600000, 0x0000000747600000| Untracked 
|  40|0x0000000747800000, 0x0000000747800000, 0x0000000747a00000|  0%| F|  |TAMS 0x0000000747800000, 0x0000000747800000| Untracked 
|  41|0x0000000747a00000, 0x0000000747a00000, 0x0000000747c00000|  0%| F|  |TAMS 0x0000000747a00000, 0x0000000747a00000| Untracked 
|  42|0x0000000747c00000, 0x0000000747c00000, 0x0000000747e00000|  0%| F|  |TAMS 0x0000000747c00000, 0x0000000747c00000| Untracked 
|  43|0x0000000747e00000, 0x0000000747e00000, 0x0000000748000000|  0%| F|  |TAMS 0x0000000747e00000, 0x0000000747e00000| Untracked 
|  44|0x0000000748000000, 0x0000000748000000, 0x0000000748200000|  0%| F|  |TAMS 0x0000000748000000, 0x0000000748000000| Untracked 
|  45|0x0000000748200000, 0x0000000748200000, 0x0000000748400000|  0%| F|  |TAMS 0x0000000748200000, 0x0000000748200000| Untracked 
|  46|0x0000000748400000, 0x0000000748400000, 0x0000000748600000|  0%| F|  |TAMS 0x0000000748400000, 0x0000000748400000| Untracked 
|  47|0x0000000748600000, 0x0000000748600000, 0x0000000748800000|  0%| F|  |TAMS 0x0000000748600000, 0x0000000748600000| Untracked 
|  48|0x0000000748800000, 0x0000000748800000, 0x0000000748a00000|  0%| F|  |TAMS 0x0000000748800000, 0x0000000748800000| Untracked 
|  49|0x0000000748a00000, 0x0000000748a00000, 0x0000000748c00000|  0%| F|  |TAMS 0x0000000748a00000, 0x0000000748a00000| Untracked 
|  50|0x0000000748c00000, 0x0000000748c00000, 0x0000000748e00000|  0%| F|  |TAMS 0x0000000748c00000, 0x0000000748c00000| Untracked 
|  51|0x0000000748e00000, 0x0000000748e00000, 0x0000000749000000|  0%| F|  |TAMS 0x0000000748e00000, 0x0000000748e00000| Untracked 
|  52|0x0000000749000000, 0x0000000749000000, 0x0000000749200000|  0%| F|  |TAMS 0x0000000749000000, 0x0000000749000000| Untracked 
|  53|0x0000000749200000, 0x0000000749200000, 0x0000000749400000|  0%| F|  |TAMS 0x0000000749200000, 0x0000000749200000| Untracked 
|  54|0x0000000749400000, 0x0000000749400000, 0x0000000749600000|  0%| F|  |TAMS 0x0000000749400000, 0x0000000749400000| Untracked 
|  55|0x0000000749600000, 0x0000000749600000, 0x0000000749800000|  0%| F|  |TAMS 0x0000000749600000, 0x0000000749600000| Untracked 
|  56|0x0000000749800000, 0x0000000749800000, 0x0000000749a00000|  0%| F|  |TAMS 0x0000000749800000, 0x0000000749800000| Untracked 
|  57|0x0000000749a00000, 0x0000000749a00000, 0x0000000749c00000|  0%| F|  |TAMS 0x0000000749a00000, 0x0000000749a00000| Untracked 
|  58|0x0000000749c00000, 0x0000000749c00000, 0x0000000749e00000|  0%| F|  |TAMS 0x0000000749c00000, 0x0000000749c00000| Untracked 
|  59|0x0000000749e00000, 0x0000000749e00000, 0x000000074a000000|  0%| F|  |TAMS 0x0000000749e00000, 0x0000000749e00000| Untracked 
|  60|0x000000074a000000, 0x000000074a000000, 0x000000074a200000|  0%| F|  |TAMS 0x000000074a000000, 0x000000074a000000| Untracked 
|  61|0x000000074a200000, 0x000000074a200000, 0x000000074a400000|  0%| F|  |TAMS 0x000000074a200000, 0x000000074a200000| Untracked 
|  62|0x000000074a400000, 0x000000074a400000, 0x000000074a600000|  0%| F|  |TAMS 0x000000074a400000, 0x000000074a400000| Untracked 
|  63|0x000000074a600000, 0x000000074a600000, 0x000000074a800000|  0%| F|  |TAMS 0x000000074a600000, 0x000000074a600000| Untracked 
|  64|0x000000074a800000, 0x000000074a800000, 0x000000074aa00000|  0%| F|  |TAMS 0x000000074a800000, 0x000000074a800000| Untracked 
|  65|0x000000074aa00000, 0x000000074aa00000, 0x000000074ac00000|  0%| F|  |TAMS 0x000000074aa00000, 0x000000074aa00000| Untracked 
|  66|0x000000074ac00000, 0x000000074ac00000, 0x000000074ae00000|  0%| F|  |TAMS 0x000000074ac00000, 0x000000074ac00000| Untracked 
|  67|0x000000074ae00000, 0x000000074ae00000, 0x000000074b000000|  0%| F|  |TAMS 0x000000074ae00000, 0x000000074ae00000| Untracked 
|  68|0x000000074b000000, 0x000000074b000000, 0x000000074b200000|  0%| F|  |TAMS 0x000000074b000000, 0x000000074b000000| Untracked 
|  69|0x000000074b200000, 0x000000074b200000, 0x000000074b400000|  0%| F|  |TAMS 0x000000074b200000, 0x000000074b200000| Untracked 
|  70|0x000000074b400000, 0x000000074b400000, 0x000000074b600000|  0%| F|  |TAMS 0x000000074b400000, 0x000000074b400000| Untracked 
|  71|0x000000074b600000, 0x000000074b600000, 0x000000074b800000|  0%| F|  |TAMS 0x000000074b600000, 0x000000074b600000| Untracked 
|  72|0x000000074b800000, 0x000000074b800000, 0x000000074ba00000|  0%| F|  |TAMS 0x000000074b800000, 0x000000074b800000| Untracked 
|  73|0x000000074ba00000, 0x000000074ba00000, 0x000000074bc00000|  0%| F|  |TAMS 0x000000074ba00000, 0x000000074ba00000| Untracked 
|  74|0x000000074bc00000, 0x000000074bc00000, 0x000000074be00000|  0%| F|  |TAMS 0x000000074bc00000, 0x000000074bc00000| Untracked 
|  75|0x000000074be00000, 0x000000074be00000, 0x000000074c000000|  0%| F|  |TAMS 0x000000074be00000, 0x000000074be00000| Untracked 
|  76|0x000000074c000000, 0x000000074c000000, 0x000000074c200000|  0%| F|  |TAMS 0x000000074c000000, 0x000000074c000000| Untracked 
|  77|0x000000074c200000, 0x000000074c200000, 0x000000074c400000|  0%| F|  |TAMS 0x000000074c200000, 0x000000074c200000| Untracked 
|  78|0x000000074c400000, 0x000000074c400000, 0x000000074c600000|  0%| F|  |TAMS 0x000000074c400000, 0x000000074c400000| Untracked 
|  79|0x000000074c600000, 0x000000074c600000, 0x000000074c800000|  0%| F|  |TAMS 0x000000074c600000, 0x000000074c600000| Untracked 
|  80|0x000000074c800000, 0x000000074c800000, 0x000000074ca00000|  0%| F|  |TAMS 0x000000074c800000, 0x000000074c800000| Untracked 
|  81|0x000000074ca00000, 0x000000074ca00000, 0x000000074cc00000|  0%| F|  |TAMS 0x000000074ca00000, 0x000000074ca00000| Untracked 
|  82|0x000000074cc00000, 0x000000074cc00000, 0x000000074ce00000|  0%| F|  |TAMS 0x000000074cc00000, 0x000000074cc00000| Untracked 
|  83|0x000000074ce00000, 0x000000074ce00000, 0x000000074d000000|  0%| F|  |TAMS 0x000000074ce00000, 0x000000074ce00000| Untracked 
|  84|0x000000074d000000, 0x000000074d000000, 0x000000074d200000|  0%| F|  |TAMS 0x000000074d000000, 0x000000074d000000| Untracked 
|  85|0x000000074d200000, 0x000000074d200000, 0x000000074d400000|  0%| F|  |TAMS 0x000000074d200000, 0x000000074d200000| Untracked 
|  86|0x000000074d400000, 0x000000074d400000, 0x000000074d600000|  0%| F|  |TAMS 0x000000074d400000, 0x000000074d400000| Untracked 
|  87|0x000000074d600000, 0x000000074d600000, 0x000000074d800000|  0%| F|  |TAMS 0x000000074d600000, 0x000000074d600000| Untracked 
|  88|0x000000074d800000, 0x000000074d800000, 0x000000074da00000|  0%| F|  |TAMS 0x000000074d800000, 0x000000074d800000| Untracked 
|  89|0x000000074da00000, 0x000000074da41cb8, 0x000000074dc00000| 12%| S|CS|TAMS 0x000000074da00000, 0x000000074da00000| Complete 
|  90|0x000000074dc00000, 0x000000074dc00000, 0x000000074de00000|  0%| F|  |TAMS 0x000000074dc00000, 0x000000074dc00000| Untracked 
|  91|0x000000074de00000, 0x000000074de00000, 0x000000074e000000|  0%| F|  |TAMS 0x000000074de00000, 0x000000074de00000| Untracked 
|  92|0x000000074e000000, 0x000000074e0b6fe0, 0x000000074e200000| 35%| E|  |TAMS 0x000000074e000000, 0x000000074e000000| Complete 
|  93|0x000000074e200000, 0x000000074e400000, 0x000000074e400000|100%| E|CS|TAMS 0x000000074e200000, 0x000000074e200000| Complete 
|  94|0x000000074e400000, 0x000000074e600000, 0x000000074e600000|100%| E|CS|TAMS 0x000000074e400000, 0x000000074e400000| Complete 

Card table byte_map: [0x000001bdc4a70000,0x000001bdc5060000] _byte_map_base: 0x000001bdc105c000

Marking Bits (Prev, Next): (CMBitMap*) 0x000001bdad9c0d50, (CMBitMap*) 0x000001bdad9c0d90
 Prev Bits: [0x000001bdc5650000, 0x000001bdc85b0000)
 Next Bits: [0x000001bdc85b0000, 0x000001bdcb510000)

Polling page: 0x000001bdad130000

Metaspace:

Usage:
  Non-class:      8.32 MB used.
      Class:      1.11 MB used.
       Both:      9.42 MB used.

Virtual space:
  Non-class space:       64.00 MB reserved,       8.44 MB ( 13%) committed,  1 nodes.
      Class space:        1.00 GB reserved,       1.25 MB ( <1%) committed,  1 nodes.
             Both:        1.06 GB reserved,       9.69 MB ( <1%) committed. 

Chunk freelists:
   Non-Class:  6.91 MB
       Class:  14.73 MB
        Both:  21.64 MB

MaxMetaspaceSize: unlimited
CompressedClassSpaceSize: 1.00 GB
Initial GC threshold: 21.00 MB
Current GC threshold: 21.00 MB
CDS: on
MetaspaceReclaimPolicy: balanced
 - commit_granule_bytes: 65536.
 - commit_granule_words: 8192.
 - virtual_space_node_default_size: 8388608.
 - enlarge_chunks_in_place: 1.
 - new_chunks_are_fully_committed: 0.
 - uncommit_free_chunks: 1.
 - use_allocation_guard: 0.
 - handle_deallocations: 1.


Internal statistics:

num_allocs_failed_limit: 0.
num_arena_births: 118.
num_arena_deaths: 0.
num_vsnodes_births: 2.
num_vsnodes_deaths: 0.
num_space_committed: 155.
num_space_uncommitted: 0.
num_chunks_returned_to_freelist: 0.
num_chunks_taken_from_freelist: 202.
num_chunk_merges: 0.
num_chunk_splits: 109.
num_chunks_enlarged: 42.
num_inconsistent_stats: 0.

CodeHeap 'non-profiled nmethods': size=120000Kb used=328Kb max_used=328Kb free=119671Kb
 bounds [0x000001bdbcf50000, 0x000001bdbd1c0000, 0x000001bdc4480000]
CodeHeap 'profiled nmethods': size=120000Kb used=1641Kb max_used=1641Kb free=118358Kb
 bounds [0x000001bdb5480000, 0x000001bdb56f0000, 0x000001bdbc9b0000]
CodeHeap 'non-nmethods': size=5760Kb used=1286Kb max_used=1301Kb free=4474Kb
 bounds [0x000001bdbc9b0000, 0x000001bdbcc20000, 0x000001bdbcf50000]
 total_blobs=1664 nmethods=1048 adapters=529
 compilation: enabled
              stopped_count=0, restarted_count=0
 full_count=0

Compilation events (20 events):
Event: 0.694 Thread 0x000001bdcd9f54c0 nmethod 1011 0x000001bdb5605210 code [0x000001bdb56053c0, 0x000001bdb5605618]
Event: 0.694 Thread 0x000001bdcd9f54c0 1017       3       sun.java2d.StateTrackableDelegate::markDirty (6 bytes)
Event: 0.695 Thread 0x000001bdcd9f54c0 nmethod 1017 0x000001bdb5605710 code [0x000001bdb56058a0, 0x000001bdb56059d8]
Event: 0.695 Thread 0x000001bdcd9f54c0 1003       3       drawing.Converter::xScr2Crt (19 bytes)
Event: 0.695 Thread 0x000001bdcd9ecab0 nmethod 1029 0x000001bdbcf9c090 code [0x000001bdbcf9c200, 0x000001bdbcf9c298]
Event: 0.695 Thread 0x000001bdcd9f54c0 nmethod 1003 0x000001bdb5605a90 code [0x000001bdb5605ca0, 0x000001bdb56061e8]
Event: 0.695 Thread 0x000001bdcd9f54c0 1018       3       java.awt.image.DirectColorModel::getDataElements (928 bytes)
Event: 0.695 Thread 0x000001bdcd9ecab0 1030       4       java.awt.Color::<init> (11 bytes)
Event: 0.697 Thread 0x000001bdcd9f54c0 nmethod 1018 0x000001bdb5606410 code [0x000001bdb5606800, 0x000001bdb56082a8]
Event: 0.697 Thread 0x000001bdcd9ecab0 nmethod 1030 0x000001bdbcf9c390 code [0x000001bdbcf9c500, 0x000001bdbcf9c758]
Event: 0.697 Thread 0x000001bdcd9ecab0 1032       4       java.awt.image.PackedColorModel::equals (152 bytes)
Event: 0.698 Thread 0x000001bdcd9ecab0 nmethod 1032 0x000001bdbcf9c890 code [0x000001bdbcf9ca20, 0x000001bdbcf9caf8]
Event: 0.700 Thread 0x000001bdcd9ecab0 1036       4       math.Mandelbrot::isInSet (61 bytes)
Event: 0.710 Thread 0x000001be1ac19480 1035       4       java.awt.Color::<init> (83 bytes)
Event: 0.715 Thread 0x000001bdcd9ecab0 nmethod 1036 0x000001bdbcf9cc10 code [0x000001bdbcf9cdc0, 0x000001bdbcf9d168]
Event: 0.715 Thread 0x000001bdcd9ecab0 1034       4       java.lang.Float::valueOf (9 bytes)
Event: 0.716 Thread 0x000001bdcd9ecab0 nmethod 1034 0x000001bdbcf9d310 code [0x000001bdbcf9d480, 0x000001bdbcf9d538]
Event: 0.716 Thread 0x000001bdcd9ecab0 1038       4       ru.gr106.fractal.gui.Window$1::invoke (12 bytes)
Event: 0.717 Thread 0x000001be1ac19480 nmethod 1035 0x000001bdbcf9d610 code [0x000001bdbcf9d800, 0x000001bdbcf9e018]
Event: 0.717 Thread 0x000001be1ac19480 1041       4       ru.gr106.fractal.gui.Window$1::invoke (76 bytes)

GC Heap History (2 events):
Event: 0.701 GC heap before
{Heap before GC invocations=0 (full 0):
 garbage-first heap   total 194560K, used 18432K [0x0000000742800000, 0x0000000800000000)
  region size 2048K, 6 young (12288K), 0 survivors (0K)
 Metaspace       used 9635K, committed 9920K, reserved 1114112K
  class space    used 1131K, committed 1280K, reserved 1048576K
}
Event: 0.710 GC heap after
{Heap after GC invocations=1 (full 0):
 garbage-first heap   total 194560K, used 9254K [0x0000000742800000, 0x0000000800000000)
  region size 2048K, 1 young (2048K), 1 survivors (2048K)
 Metaspace       used 9635K, committed 9920K, reserved 1114112K
  class space    used 1131K, committed 1280K, reserved 1048576K
}

Dll operation events (11 events):
Event: 0.011 Loaded shared library C:\Users\Я\.jdks\corretto-17.0.9\bin\java.dll
Event: 0.032 Loaded shared library C:\Users\Я\.jdks\corretto-17.0.9\bin\jsvml.dll
Event: 0.108 Loaded shared library C:\Users\Я\.jdks\corretto-17.0.9\bin\zip.dll
Event: 0.112 Loaded shared library C:\Users\Я\.jdks\corretto-17.0.9\bin\instrument.dll
Event: 0.119 Loaded shared library C:\Users\Я\.jdks\corretto-17.0.9\bin\net.dll
Event: 0.121 Loaded shared library C:\Users\Я\.jdks\corretto-17.0.9\bin\nio.dll
Event: 0.125 Loaded shared library C:\Users\Я\.jdks\corretto-17.0.9\bin\zip.dll
Event: 0.152 Loaded shared library C:\Users\Я\.jdks\corretto-17.0.9\bin\jimage.dll
Event: 0.176 Loaded shared library C:\Users\Я\.jdks\corretto-17.0.9\bin\awt.dll
Event: 0.448 Loaded shared library C:\Users\Я\.jdks\corretto-17.0.9\bin\freetype.dll
Event: 0.450 Loaded shared library C:\Users\Я\.jdks\corretto-17.0.9\bin\fontmanager.dll

Deoptimization events (20 events):
Event: 0.544 Thread 0x000001bdad96a450 Uncommon trap: trap_request=0xffffffde fr.pc=0x000001bdbcf896bc relative=0x000000000000047c
Event: 0.544 Thread 0x000001bdad96a450 Uncommon trap: reason=class_check action=maybe_recompile pc=0x000001bdbcf896bc method=java.util.HashMap.getNode(Ljava/lang/Object;)Ljava/util/HashMap$Node; @ 128 c2
Event: 0.544 Thread 0x000001bdad96a450 DEOPT PACKING pc=0x000001bdbcf896bc sp=0x0000008d194fda80
Event: 0.544 Thread 0x000001bdad96a450 DEOPT UNPACKING pc=0x000001bdbca069a3 sp=0x0000008d194fd9e8 mode 2
Event: 0.544 Thread 0x000001bdad96a450 Uncommon trap: trap_request=0xffffffde fr.pc=0x000001bdbcf896bc relative=0x000000000000047c
Event: 0.544 Thread 0x000001bdad96a450 Uncommon trap: reason=class_check action=maybe_recompile pc=0x000001bdbcf896bc method=java.util.HashMap.getNode(Ljava/lang/Object;)Ljava/util/HashMap$Node; @ 128 c2
Event: 0.545 Thread 0x000001bdad96a450 DEOPT PACKING pc=0x000001bdbcf896bc sp=0x0000008d194fda80
Event: 0.545 Thread 0x000001bdad96a450 DEOPT UNPACKING pc=0x000001bdbca069a3 sp=0x0000008d194fd9e8 mode 2
Event: 0.545 Thread 0x000001bdad96a450 Uncommon trap: trap_request=0xffffffc6 fr.pc=0x000001bdbcf896a0 relative=0x0000000000000460
Event: 0.545 Thread 0x000001bdad96a450 Uncommon trap: reason=bimorphic_or_optimized_type_check action=maybe_recompile pc=0x000001bdbcf896a0 method=java.util.HashMap.getNode(Ljava/lang/Object;)Ljava/util/HashMap$Node; @ 63 c2
Event: 0.545 Thread 0x000001bdad96a450 DEOPT PACKING pc=0x000001bdbcf896a0 sp=0x0000008d194fda80
Event: 0.545 Thread 0x000001bdad96a450 DEOPT UNPACKING pc=0x000001bdbca069a3 sp=0x0000008d194fd9e8 mode 2
Event: 0.545 Thread 0x000001bdad96a450 Uncommon trap: trap_request=0xffffffc6 fr.pc=0x000001bdbcf896a0 relative=0x0000000000000460
Event: 0.545 Thread 0x000001bdad96a450 Uncommon trap: reason=bimorphic_or_optimized_type_check action=maybe_recompile pc=0x000001bdbcf896a0 method=java.util.HashMap.getNode(Ljava/lang/Object;)Ljava/util/HashMap$Node; @ 63 c2
Event: 0.545 Thread 0x000001bdad96a450 DEOPT PACKING pc=0x000001bdbcf896a0 sp=0x0000008d194fda80
Event: 0.545 Thread 0x000001bdad96a450 DEOPT UNPACKING pc=0x000001bdbca069a3 sp=0x0000008d194fd9e8 mode 2
Event: 0.545 Thread 0x000001bdad96a450 Uncommon trap: trap_request=0xffffffde fr.pc=0x000001bdbcf896bc relative=0x000000000000047c
Event: 0.545 Thread 0x000001bdad96a450 Uncommon trap: reason=class_check action=maybe_recompile pc=0x000001bdbcf896bc method=java.util.HashMap.getNode(Ljava/lang/Object;)Ljava/util/HashMap$Node; @ 128 c2
Event: 0.545 Thread 0x000001bdad96a450 DEOPT PACKING pc=0x000001bdbcf896bc sp=0x0000008d194fda80
Event: 0.545 Thread 0x000001bdad96a450 DEOPT UNPACKING pc=0x000001bdbca069a3 sp=0x0000008d194fd9e8 mode 2

Classes unloaded (0 events):
No events

Classes redefined (0 events):
No events

Internal exceptions (16 events):
Event: 0.145 Thread 0x000001bdcdd71cd0 Exception <a 'java/lang/NoSuchMethodError'{0x000000074e25bda8}: 'java.lang.Object java.lang.invoke.DirectMethodHandle$Holder.invokeStaticInit(java.lang.Object)'> (0x000000074e25bda8) 
thrown [s\src\hotspot\share\interpreter\linkResolver.cpp, line 759]
Event: 0.153 Thread 0x000001bdcdd71cd0 Exception <a 'java/lang/NoSuchMethodError'{0x000000074e269e20}: 'void java.lang.invoke.DirectMethodHandle$Holder.invokeStatic(java.lang.Object, java.lang.Object)'> (0x000000074e269e20) 
thrown [s\src\hotspot\share\interpreter\linkResolver.cpp, line 759]
Event: 0.156 Thread 0x000001bdad96a450 Exception <a 'java/lang/NoSuchMethodError'{0x000000074e240de0}: 'java.lang.Object java.lang.invoke.Invokers$Holder.invoke_MT(java.lang.Object, java.lang.Object, java.lang.Object)'> (0x000000074e240de0) 
thrown [s\src\hotspot\share\interpreter\linkResolver.cpp, line 759]
Event: 0.164 Thread 0x000001bdad96a450 Exception <a 'java/lang/ClassNotFoundException'{0x000000074e24e278}: sun/awt/resources/spi/awtProvider> (0x000000074e24e278) 
thrown [s\src\hotspot\share\classfile\systemDictionary.cpp, line 256]
Event: 0.190 Thread 0x000001bdad96a450 Exception <a 'java/io/FileNotFoundException'{0x000000074e2deee0}> (0x000000074e2deee0) 
thrown [s\src\hotspot\share\prims\jni.cpp, line 516]
Event: 0.198 Thread 0x000001bdad96a450 Exception <a 'java/io/FileNotFoundException'{0x000000074e30c068}> (0x000000074e30c068) 
thrown [s\src\hotspot\share\prims\jni.cpp, line 516]
Event: 0.306 Thread 0x000001bdad96a450 Exception <a 'java/lang/NoSuchMethodError'{0x000000074e3f2e90}: 'void java.lang.invoke.DirectMethodHandle$Holder.invokeSpecial(java.lang.Object, java.lang.Object, java.lang.Object)'> (0x000000074e3f2e90) 
thrown [s\src\hotspot\share\interpreter\linkResolver.cpp, line 759]
Event: 0.316 Thread 0x000001bdad96a450 Exception <a 'java/lang/NoSuchMethodError'{0x000000074e01d5a0}: 'java.lang.Object java.lang.invoke.DirectMethodHandle$Holder.newInvokeSpecial(java.lang.Object, java.lang.Object, java.lang.Object, java.lang.Object, java.lang.Object)'> (0x000000074e01d5a0) 
thrown [s\src\hotspot\share\interpreter\linkResolver.cpp, line 759]
Event: 0.319 Thread 0x000001bdad96a450 Exception <a 'java/lang/NoSuchMethodError'{0x000000074e028f68}: 'java.lang.Object java.lang.invoke.DirectMethodHandle$Holder.invokeStatic(java.lang.Object, int, java.lang.Object, java.lang.Object, java.lang.Object, java.lang.Object)'> (0x000000074e028f68) 
thrown [s\src\hotspot\share\interpreter\linkResolver.cpp, line 759]
Event: 0.325 Thread 0x000001bdad96a450 Exception <a 'java/lang/NoSuchMethodError'{0x000000074e04ebc8}: 'java.lang.Object java.lang.invoke.DirectMethodHandle$Holder.invokeStatic(java.lang.Object, int, java.lang.Object)'> (0x000000074e04ebc8) 
thrown [s\src\hotspot\share\interpreter\linkResolver.cpp, line 759]
Event: 0.356 Thread 0x000001bdad96a450 Exception <a 'java/lang/ClassNotFoundException'{0x000000074e106d30}: com/sun/swing/internal/plaf/metal/resources/spi/metalProvider> (0x000000074e106d30) 
thrown [s\src\hotspot\share\classfile\systemDictionary.cpp, line 256]
Event: 0.357 Thread 0x000001bdad96a450 Exception <a 'java/lang/ClassNotFoundException'{0x000000074e10abd8}: com/sun/swing/internal/plaf/basic/resources/spi/basicProvider> (0x000000074e10abd8) 
thrown [s\src\hotspot\share\classfile\systemDictionary.cpp, line 256]
Event: 0.389 Thread 0x000001bdad96a450 Exception <a 'java/lang/NoSuchMethodError'{0x000000074e18b808}: 'void java.lang.invoke.DirectMethodHandle$Holder.invokeStatic(java.lang.Object, java.lang.Object, java.lang.Object)'> (0x000000074e18b808) 
thrown [s\src\hotspot\share\interpreter\linkResolver.cpp, line 759]
Event: 0.425 Thread 0x000001bdcdebcf70 Exception <a 'java/lang/NoSuchMethodError'{0x000000074e39a670}: 'void java.lang.invoke.DirectMethodHandle$Holder.invokeVirtual(java.lang.Object, java.lang.Object)'> (0x000000074e39a670) 
thrown [s\src\hotspot\share\interpreter\linkResolver.cpp, line 759]
Event: 0.443 Thread 0x000001bdad96a450 Exception <a 'java/lang/NoSuchMethodError'{0x000000074de3fdc0}: 'void java.lang.invoke.DirectMethodHandle$Holder.invokeStaticInit(java.lang.Object)'> (0x000000074de3fdc0) 
thrown [s\src\hotspot\share\interpreter\linkResolver.cpp, line 759]
Event: 0.550 Thread 0x000001bdad96a450 Exception <a 'java/lang/NoSuchMethodError'{0x000000074df3c0a8}: 'void java.lang.invoke.DirectMethodHandle$Holder.invokeStatic(java.lang.Object, java.lang.Object, java.lang.Object, java.lang.Object)'> (0x000000074df3c0a8) 
thrown [s\src\hotspot\share\interpreter\linkResolver.cpp, line 759]

VM Operations (12 events):
Event: 0.089 Executing VM operation: HandshakeAllThreads
Event: 0.089 Executing VM operation: HandshakeAllThreads done
Event: 0.143 Executing VM operation: HandshakeAllThreads
Event: 0.144 Executing VM operation: HandshakeAllThreads done
Event: 0.375 Executing VM operation: HandshakeAllThreads
Event: 0.375 Executing VM operation: HandshakeAllThreads done
Event: 0.469 Executing VM operation: HandshakeAllThreads
Event: 0.469 Executing VM operation: HandshakeAllThreads done
Event: 0.653 Executing VM operation: HandshakeAllThreads
Event: 0.654 Executing VM operation: HandshakeAllThreads done
Event: 0.700 Executing VM operation: G1CollectForAllocation
Event: 0.716 Executing VM operation: G1CollectForAllocation done

Events (20 events):
Event: 0.666 loading class sun/awt/image/NativeLibLoader$1 done
Event: 0.667 loading class java/awt/image/BufferedImage
Event: 0.667 loading class java/awt/image/WritableRenderedImage
Event: 0.667 loading class java/awt/image/RenderedImage
Event: 0.667 loading class java/awt/image/RenderedImage done
Event: 0.667 loading class java/awt/image/WritableRenderedImage done
Event: 0.667 loading class java/awt/image/BufferedImage done
Event: 0.668 loading class java/awt/image/BufferedImage$1
Event: 0.668 loading class java/awt/image/BufferedImage$1 done
Event: 0.668 loading class sun/awt/image/BufImgSurfaceData
Event: 0.668 loading class sun/awt/image/BufImgSurfaceData done
Event: 0.668 loading class sun/awt/image/BufImgSurfaceData$ICMColorData
Event: 0.668 loading class sun/awt/image/BufImgSurfaceData$ICMColorData done
Event: 0.669 loading class sun/awt/image/BufferedImageDevice
Event: 0.669 loading class sun/awt/image/BufferedImageDevice done
Event: 0.675 Thread 0x000001be1adb9e60 Thread added: 0x000001be1adb9e60
Event: 0.675 Thread 0x000001bdcdc8a4d0 Thread added: 0x000001bdcdc8a4d0
Event: 0.675 Thread 0x000001be1adde210 Thread added: 0x000001be1adde210
Event: 0.675 Thread 0x000001be1addb990 Thread added: 0x000001be1addb990
Event: 0.698 Thread 0x000001be1ac19480 Thread added: 0x000001be1ac19480


Dynamic libraries:
0x00007ff75a3d0000 - 0x00007ff75a3de000 	C:\Users\Я\.jdks\corretto-17.0.9\bin\java.exe
0x00007fffd0390000 - 0x00007fffd0587000 	C:\WINDOWS\SYSTEM32\ntdll.dll
0x00007fffceb20000 - 0x00007fffcebdd000 	C:\WINDOWS\System32\KERNEL32.DLL
0x00007fffcda70000 - 0x00007fffcdd66000 	C:\WINDOWS\System32\KERNELBASE.dll
0x00007fffcdff0000 - 0x00007fffce0f0000 	C:\WINDOWS\System32\ucrtbase.dll
0x00007fffc52b0000 - 0x00007fffc52cb000 	C:\Users\Я\.jdks\corretto-17.0.9\bin\VCRUNTIME140.dll
0x00007fffc5e50000 - 0x00007fffc5e67000 	C:\Users\Я\.jdks\corretto-17.0.9\bin\jli.dll
0x00007fffceea0000 - 0x00007fffcf03e000 	C:\WINDOWS\System32\USER32.dll
0x00007fffcda40000 - 0x00007fffcda62000 	C:\WINDOWS\System32\win32u.dll
0x00007fffa6e90000 - 0x00007fffa712a000 	C:\WINDOWS\WinSxS\amd64_microsoft.windows.common-controls_6595b64144ccf1df_6.0.19041.3570_none_60bb2a3971f3e41a\COMCTL32.dll
0x00007fffcfb10000 - 0x00007fffcfb3c000 	C:\WINDOWS\System32\GDI32.dll
0x00007fffd0200000 - 0x00007fffd029e000 	C:\WINDOWS\System32\msvcrt.dll
0x00007fffcde10000 - 0x00007fffcdf2a000 	C:\WINDOWS\System32\gdi32full.dll
0x00007fffcdd70000 - 0x00007fffcde0d000 	C:\WINDOWS\System32\msvcp_win.dll
0x00007fffcfc20000 - 0x00007fffcfc50000 	C:\WINDOWS\System32\IMM32.DLL
0x00007fffc7fc0000 - 0x00007fffc7fcc000 	C:\Users\Я\.jdks\corretto-17.0.9\bin\vcruntime140_1.dll
0x00007fffa2ee0000 - 0x00007fffa2f6d000 	C:\Users\Я\.jdks\corretto-17.0.9\bin\msvcp140.dll
0x00007fff80180000 - 0x00007fff80de1000 	C:\Users\Я\.jdks\corretto-17.0.9\bin\server\jvm.dll
0x00007fffcf990000 - 0x00007fffcfa3e000 	C:\WINDOWS\System32\ADVAPI32.dll
0x00007fffcebe0000 - 0x00007fffcec7c000 	C:\WINDOWS\System32\sechost.dll
0x00007fffced30000 - 0x00007fffcee56000 	C:\WINDOWS\System32\RPCRT4.dll
0x00007fffccfa0000 - 0x00007fffccfeb000 	C:\WINDOWS\SYSTEM32\POWRPROF.dll
0x00007fffb0cb0000 - 0x00007fffb0cd7000 	C:\WINDOWS\SYSTEM32\WINMM.dll
0x00007fffae7c0000 - 0x00007fffae7c9000 	C:\WINDOWS\SYSTEM32\WSOCK32.dll
0x00007fffcfaa0000 - 0x00007fffcfb0b000 	C:\WINDOWS\System32\WS2_32.dll
0x00007fffc6ba0000 - 0x00007fffc6baa000 	C:\WINDOWS\SYSTEM32\VERSION.dll
0x00007fffcce60000 - 0x00007fffcce72000 	C:\WINDOWS\SYSTEM32\UMPDC.dll
0x00007fffcc270000 - 0x00007fffcc282000 	C:\WINDOWS\SYSTEM32\kernel.appcore.dll
0x00007fffc7f80000 - 0x00007fffc7f8a000 	C:\Users\Я\.jdks\corretto-17.0.9\bin\jimage.dll
0x00007fffcbfa0000 - 0x00007fffcc184000 	C:\WINDOWS\SYSTEM32\DBGHELP.DLL
0x00007fffbe870000 - 0x00007fffbe8a4000 	C:\WINDOWS\SYSTEM32\dbgcore.DLL
0x00007fffcdf30000 - 0x00007fffcdfb2000 	C:\WINDOWS\System32\bcryptPrimitives.dll
0x00007fffc7ef0000 - 0x00007fffc7efe000 	C:\Users\Я\.jdks\corretto-17.0.9\bin\instrument.dll
0x00007fffbfda0000 - 0x00007fffbfdc5000 	C:\Users\Я\.jdks\corretto-17.0.9\bin\java.dll
0x00007fffa2260000 - 0x00007fffa2337000 	C:\Users\Я\.jdks\corretto-17.0.9\bin\jsvml.dll
0x00007fffcf0a0000 - 0x00007fffcf7e4000 	C:\WINDOWS\System32\SHELL32.dll
0x00007fffcb730000 - 0x00007fffcbecb000 	C:\WINDOWS\SYSTEM32\windows.storage.dll
0x00007fffce3c0000 - 0x00007fffce714000 	C:\WINDOWS\System32\combase.dll
0x00007fffcd480000 - 0x00007fffcd4ad000 	C:\WINDOWS\SYSTEM32\Wldp.dll
0x00007fffcec80000 - 0x00007fffced2d000 	C:\WINDOWS\System32\SHCORE.dll
0x00007fffcf040000 - 0x00007fffcf095000 	C:\WINDOWS\System32\shlwapi.dll
0x00007fffcd970000 - 0x00007fffcd995000 	C:\WINDOWS\SYSTEM32\profapi.dll
0x00007fffc5290000 - 0x00007fffc52a8000 	C:\Users\Я\.jdks\corretto-17.0.9\bin\zip.dll
0x00007fffbe030000 - 0x00007fffbe049000 	C:\Users\Я\.jdks\corretto-17.0.9\bin\net.dll
0x00007fffc23c0000 - 0x00007fffc24ca000 	C:\WINDOWS\SYSTEM32\WINHTTP.dll
0x00007fffcd1e0000 - 0x00007fffcd24a000 	C:\WINDOWS\system32\mswsock.dll
0x00007fffbdd60000 - 0x00007fffbdd76000 	C:\Users\Я\.jdks\corretto-17.0.9\bin\nio.dll
0x00007fff95320000 - 0x00007fff954b0000 	C:\Users\Я\.jdks\corretto-17.0.9\bin\awt.dll
0x00007fffcfb50000 - 0x00007fffcfc1d000 	C:\WINDOWS\System32\OLEAUT32.dll
0x00007fffca510000 - 0x00007fffca5a0000 	C:\WINDOWS\SYSTEM32\apphelp.dll
0x00007fffcb110000 - 0x00007fffcb13f000 	C:\WINDOWS\system32\DWMAPI.DLL
0x00007fffca980000 - 0x00007fffcaa1e000 	C:\WINDOWS\system32\uxtheme.dll
0x00007fffa1020000 - 0x00007fffa1145000 	C:\WINDOWS\system32\opengl32.dll
0x00007fffa29c0000 - 0x00007fffa29ec000 	C:\WINDOWS\SYSTEM32\GLU32.dll
0x00007fffcea00000 - 0x00007fffceb14000 	C:\WINDOWS\System32\MSCTF.dll
0x00007fffce720000 - 0x00007fffce84b000 	C:\WINDOWS\System32\ole32.dll
0x00007fffa5ec0000 - 0x00007fffa5f47000 	C:\Users\Я\.jdks\corretto-17.0.9\bin\freetype.dll
0x00007fff96450000 - 0x00007fff96523000 	C:\Users\Я\.jdks\corretto-17.0.9\bin\fontmanager.dll
0x00007fffbbff0000 - 0x00007fffbc0ea000 	C:\WINDOWS\SYSTEM32\textinputframework.dll
0x00007fffc9f70000 - 0x00007fffca2cb000 	C:\WINDOWS\System32\CoreUIComponents.dll
0x00007fffca2d0000 - 0x00007fffca3c2000 	C:\WINDOWS\System32\CoreMessaging.dll
0x00007fffccbc0000 - 0x00007fffccbf3000 	C:\WINDOWS\SYSTEM32\ntmarta.dll
0x00007fffc98a0000 - 0x00007fffc99f5000 	C:\WINDOWS\SYSTEM32\wintypes.dll
0x00007fff9ac30000 - 0x00007fff9ac96000 	C:\WINDOWS\system32\Oleacc.dll

dbghelp: loaded successfully - version: 4.0.5 - missing functions: none
symbol engine: initialized successfully - sym options: 0x614 - pdb path: .;C:\Users\Я\.jdks\corretto-17.0.9\bin;C:\WINDOWS\SYSTEM32;C:\WINDOWS\WinSxS\amd64_microsoft.windows.common-controls_6595b64144ccf1df_6.0.19041.3570_none_60bb2a3971f3e41a;C:\Users\Я\.jdks\corretto-17.0.9\bin\server

VM Arguments:
jvm_args: -javaagent:E:\Прога\IntelliJ IDEA Community Edition 2023.2.1\lib\idea_rt.jar=51765:E:\Прога\IntelliJ IDEA Community Edition 2023.2.1\bin -Dfile.encoding=UTF-8 
java_command: ru.gr106.fractal.MainKt
java_class_path (initial): E:\Прога\IdeaProjects\Fractals-2023-05-106(1)\out\production\Fractals-2023;C:\Users\Я\.m2\repository\org\jetbrains\kotlin\kotlin-stdlib-jdk8\1.9.0\kotlin-stdlib-jdk8-1.9.0.jar;C:\Users\Я\.m2\repository\org\jetbrains\kotlin\kotlin-stdlib\1.9.0\kotlin-stdlib-1.9.0.jar;C:\Users\Я\.m2\repository\org\jetbrains\kotlin\kotlin-stdlib-common\1.9.0\kotlin-stdlib-common-1.9.0.jar;C:\Users\Я\.m2\repository\org\jetbrains\annotations\13.0\annotations-13.0.jar;C:\Users\Я\.m2\repository\org\jetbrains\kotlin\kotlin-stdlib-jdk7\1.9.0\kotlin-stdlib-jdk7-1.9.0.jar;C:\Users\Я\.m2\repository\org\jcodec\jcodec\0.2.5\jcodec-0.2.5.jar;C:\Users\Я\.m2\repository\org\jcodec\jcodec-javase\0.2.5\jcodec-javase-0.2.5.jar
Launcher Type: SUN_STANDARD

[Global flags]
     intx CICompilerCount                          = 3                                         {product} {ergonomic}
     uint ConcGCThreads                            = 1                                         {product} {ergonomic}
     uint G1ConcRefinementThreads                  = 4                                         {product} {ergonomic}
   size_t G1HeapRegionSize                         = 2097152                                   {product} {ergonomic}
    uintx GCDrainStackTargetSize                   = 64                                        {product} {ergonomic}
   size_t InitialHeapSize                          = 199229440                                 {product} {ergonomic}
   size_t MarkStackSize                            = 4194304                                   {product} {ergonomic}
   size_t MaxHeapSize                              = 3179282432                                {product} {ergonomic}
   size_t MaxNewSize                               = 1906311168                                {product} {ergonomic}
   size_t MinHeapDeltaBytes                        = 2097152                                   {product} {ergonomic}
   size_t MinHeapSize                              = 8388608                                   {product} {ergonomic}
    uintx NonNMethodCodeHeapSize                   = 5832780                                {pd product} {ergonomic}
    uintx NonProfiledCodeHeapSize                  = 122912730                              {pd product} {ergonomic}
    uintx ProfiledCodeHeapSize                     = 122912730                              {pd product} {ergonomic}
    uintx ReservedCodeCacheSize                    = 251658240                              {pd product} {ergonomic}
     bool SegmentedCodeCache                       = true                                      {product} {ergonomic}
   size_t SoftMaxHeapSize                          = 3179282432                             {manageable} {ergonomic}
     bool UseCompressedClassPointers               = true                           {product lp64_product} {ergonomic}
     bool UseCompressedOops                        = true                           {product lp64_product} {ergonomic}
     bool UseG1GC                                  = true                                      {product} {ergonomic}
     bool UseLargePagesIndividualAllocation        = false                                  {pd product} {ergonomic}

Logging:
Log output configuration:
 #0: stdout all=warning uptime,level,tags
 #1: stderr all=off uptime,level,tags

Environment Variables:
PATH=C:\Program Files (x86)\Intel\Intel(R) Management Engine Components\iCLS\;C:\Program Files\Intel\Intel(R) Management Engine Components\iCLS\;C:\WINDOWS\system32;C:\WINDOWS;C:\WINDOWS\System32\Wbem;C:\WINDOWS\System32\WindowsPowerShell\v1.0\;C:\WINDOWS\System32\OpenSSH\;C:\Program Files (x86)\Intel\Intel(R) Management Engine Components\DAL;C:\Program Files\Intel\Intel(R) Management Engine Components\DAL;C:\Program Files\dotnet\;C:\Program Files\Microsoft SQL Server\150\Tools\Binn\;C:\Program Files\Microsoft SQL Server\Client SDK\ODBC\170\Tools\Binn\;C:\Program Files\Git\cmd;C:\Program Files\MySQL\MySQL Shell 8.0\bin\;C:\Python38-32\Scripts\;C:\Python38-32\;C:\python\Scripts\;C:\python\;C:\windows\system32;C:\windows;C:\windows\System32\Wbem;C:\windows\System32\WindowsPowerShell\v1.0\;C:\windows\System32\OpenSSH\;C:\Users\Я\AppData\Local\Microsoft\WindowsApps;C:\python\Scripts;C:\python;C:\Users\Я\AppData\Local\Microsoft\WindowsApps;C:\python\PYPY3;C:\python\Lib;C:\python\Lib\site-packages;C:\python\PYPY3\Scripts;C:\Users\Я\.dotnet\tools;E:\Прога\IntelliJ IDEA Community Edition 2023.2.1\bin
USERNAME=Я
OS=Windows_NT
PROCESSOR_IDENTIFIER=Intel64 Family 6 Model 142 Stepping 10, GenuineIntel
TMP=C:\Users\4483~1\AppData\Local\Temp
TEMP=C:\Users\4483~1\AppData\Local\Temp



Periodic native trim disabled


---------------  S Y S T E M  ---------------

OS:
 Windows 10 , 64 bit Build 19041 (10.0.19041.3570)
OS uptime: 42 days 4:40 hours

CPU: total 4 (initial active 4) (2 cores per cpu, 2 threads per core) family 6 model 142 stepping 10 microcode 0xb4, cx8, cmov, fxsr, ht, mmx, 3dnowpref, sse, sse2, sse3, ssse3, sse4.1, sse4.2, popcnt, lzcnt, tsc, tscinvbit, avx, avx2, aes, erms, clmul, bmi1, bmi2, adx, fma, vzeroupper, clflush, clflushopt
Processor Information for all 4 processors :
  Max Mhz: 2208, Current Mhz: 2208, Mhz Limit: 2208

Memory: 4k page, system-wide physical 12122M (2602M free)
TotalPageFile size 27227M (AvailPageFile size 4M)
current process WorkingSet (physical memory assigned to process): 79M, peak: 79M
current process commit charge ("private bytes"): 283M, peak: 283M

vm_info: OpenJDK 64-Bit Server VM (17.0.9+8-LTS) for windows-amd64 JRE (17.0.9+8-LTS), built on Oct 12 2023 16:15:33 by "Administrator" with MS VC++ 16.10 / 16.11 (VS2019)

END.
